E3SMv2_modified_PresSST_UMRadALLon.cam.h0.0001-01.nc
/global/cscratch1/sd/xianwen/acme_scratch/cori-knl/E3SMv2_modified_PresSST_UMRadALLon/remap_180x360/E3SMv2_modified_PresSST_UMRadALLon.cam.h0.0001-01.nc
---remap all variables---
E3SMv2_modified_PresSST_UMRadALLon.cam.h0.0001-01.nc
/global/cscratch1/sd/xianwen/acme_scratch/cori-knl/E3SMv2_modified_PresSST_UMRadALLon/remap_180x360/E3SMv2_modified_PresSST_UMRadALLon.cam.h0.0001-01.nc
---remap all variables---
E3SMv2_modified_PresSST_UMRadALLon.cam.h0.0001-02.nc
/global/cscratch1/sd/xianwen/acme_scratch/cori-knl/E3SMv2_modified_PresSST_UMRadALLon/remap_180x360/E3SMv2_modified_PresSST_UMRadALLon.cam.h0.0001-02.nc
---remap all variables---
E3SMv2_modified_PresSST_UMRadALLon.cam.h0.0001-03.nc
/global/cscratch1/sd/xianwen/acme_scratch/cori-knl/E3SMv2_modified_PresSST_UMRadALLon/remap_180x360/E3SMv2_modified_PresSST_UMRadALLon.cam.h0.0001-03.nc
---remap all variables---
E3SMv2_modified_PresSST_UMRadALLon.cam.h0.0001-04.nc
/global/cscratch1/sd/xianwen/acme_scratch/cori-knl/E3SMv2_modified_PresSST_UMRadALLon/remap_180x360/E3SMv2_modified_PresSST_UMRadALLon.cam.h0.0001-04.nc
---remap all variables---
E3SMv2_modified_PresSST_UMRadALLon.cam.h0.0001-05.nc
/global/cscratch1/sd/xianwen/acme_scratch/cori-knl/E3SMv2_modified_PresSST_UMRadALLon/remap_180x360/E3SMv2_modified_PresSST_UMRadALLon.cam.h0.0001-05.nc
---remap all variables---
E3SMv2_modified_PresSST_UMRadALLon.cam.h0.0001-06.nc
/global/cscratch1/sd/xianwen/acme_scratch/cori-knl/E3SMv2_modified_PresSST_UMRadALLon/remap_180x360/E3SMv2_modified_PresSST_UMRadALLon.cam.h0.0001-06.nc
---remap all variables---
E3SMv2_modified_PresSST_UMRadALLon.cam.h0.0001-07.nc
/global/cscratch1/sd/xianwen/acme_scratch/cori-knl/E3SMv2_modified_PresSST_UMRadALLon/remap_180x360/E3SMv2_modified_PresSST_UMRadALLon.cam.h0.0001-07.nc
---remap all variables---
E3SMv2_modified_PresSST_UMRadALLon.cam.h0.0001-08.nc
/global/cscratch1/sd/xianwen/acme_scratch/cori-knl/E3SMv2_modified_PresSST_UMRadALLon/remap_180x360/E3SMv2_modified_PresSST_UMRadALLon.cam.h0.0001-08.nc
---remap all variables---
E3SMv2_modified_PresSST_UMRadALLon.cam.h0.0001-09.nc
/global/cscratch1/sd/xianwen/acme_scratch/cori-knl/E3SMv2_modified_PresSST_UMRadALLon/remap_180x360/E3SMv2_modified_PresSST_UMRadALLon.cam.h0.0001-09.nc
---remap all variables---
E3SMv2_modified_PresSST_UMRadALLon.cam.h0.0001-10.nc
/global/cscratch1/sd/xianwen/acme_scratch/cori-knl/E3SMv2_modified_PresSST_UMRadALLon/remap_180x360/E3SMv2_modified_PresSST_UMRadALLon.cam.h0.0001-10.nc
---remap all variables---
E3SMv2_modified_PresSST_UMRadALLon.cam.h0.0001-11.nc
/global/cscratch1/sd/xianwen/acme_scratch/cori-knl/E3SMv2_modified_PresSST_UMRadALLon/remap_180x360/E3SMv2_modified_PresSST_UMRadALLon.cam.h0.0001-11.nc
---remap all variables---
E3SMv2_modified_PresSST_UMRadALLon.cam.h0.0001-12.nc
/global/cscratch1/sd/xianwen/acme_scratch/cori-knl/E3SMv2_modified_PresSST_UMRadALLon/remap_180x360/E3SMv2_modified_PresSST_UMRadALLon.cam.h0.0001-12.nc
---remap all variables---
E3SMv2_modified_PresSST_UMRadALLon.cam.h0.0002-01.nc
/global/cscratch1/sd/xianwen/acme_scratch/cori-knl/E3SMv2_modified_PresSST_UMRadALLon/remap_180x360/E3SMv2_modified_PresSST_UMRadALLon.cam.h0.0002-01.nc
---remap all variables---
E3SMv2_modified_PresSST_UMRadALLon.cam.h0.0002-02.nc
/global/cscratch1/sd/xianwen/acme_scratch/cori-knl/E3SMv2_modified_PresSST_UMRadALLon/remap_180x360/E3SMv2_modified_PresSST_UMRadALLon.cam.h0.0002-02.nc
---remap all variables---
E3SMv2_modified_PresSST_UMRadALLon.cam.h0.0002-03.nc
/global/cscratch1/sd/xianwen/acme_scratch/cori-knl/E3SMv2_modified_PresSST_UMRadALLon/remap_180x360/E3SMv2_modified_PresSST_UMRadALLon.cam.h0.0002-03.nc
---remap all variables---
E3SMv2_modified_PresSST_UMRadALLon.cam.h0.0002-04.nc
/global/cscratch1/sd/xianwen/acme_scratch/cori-knl/E3SMv2_modified_PresSST_UMRadALLon/remap_180x360/E3SMv2_modified_PresSST_UMRadALLon.cam.h0.0002-04.nc
---remap all variables---
E3SMv2_modified_PresSST_UMRadALLon.cam.h0.0002-05.nc
/global/cscratch1/sd/xianwen/acme_scratch/cori-knl/E3SMv2_modified_PresSST_UMRadALLon/remap_180x360/E3SMv2_modified_PresSST_UMRadALLon.cam.h0.0002-05.nc
---remap all variables---
E3SMv2_modified_PresSST_UMRadALLon.cam.h0.0002-06.nc
/global/cscratch1/sd/xianwen/acme_scratch/cori-knl/E3SMv2_modified_PresSST_UMRadALLon/remap_180x360/E3SMv2_modified_PresSST_UMRadALLon.cam.h0.0002-06.nc
---remap all variables---
E3SMv2_modified_PresSST_UMRadALLon.cam.h0.0002-07.nc
/global/cscratch1/sd/xianwen/acme_scratch/cori-knl/E3SMv2_modified_PresSST_UMRadALLon/remap_180x360/E3SMv2_modified_PresSST_UMRadALLon.cam.h0.0002-07.nc
---remap all variables---
E3SMv2_modified_PresSST_UMRadALLon.cam.h0.0002-08.nc
/global/cscratch1/sd/xianwen/acme_scratch/cori-knl/E3SMv2_modified_PresSST_UMRadALLon/remap_180x360/E3SMv2_modified_PresSST_UMRadALLon.cam.h0.0002-08.nc
---remap all variables---
E3SMv2_modified_PresSST_UMRadALLon.cam.h0.0002-09.nc
/global/cscratch1/sd/xianwen/acme_scratch/cori-knl/E3SMv2_modified_PresSST_UMRadALLon/remap_180x360/E3SMv2_modified_PresSST_UMRadALLon.cam.h0.0002-09.nc
---remap all variables---
E3SMv2_modified_PresSST_UMRadALLon.cam.h0.0002-10.nc
/global/cscratch1/sd/xianwen/acme_scratch/cori-knl/E3SMv2_modified_PresSST_UMRadALLon/remap_180x360/E3SMv2_modified_PresSST_UMRadALLon.cam.h0.0002-10.nc
---remap all variables---
E3SMv2_modified_PresSST_UMRadALLon.cam.h0.0002-11.nc
/global/cscratch1/sd/xianwen/acme_scratch/cori-knl/E3SMv2_modified_PresSST_UMRadALLon/remap_180x360/E3SMv2_modified_PresSST_UMRadALLon.cam.h0.0002-11.nc
---remap all variables---
E3SMv2_modified_PresSST_UMRadALLon.cam.h0.0002-12.nc
/global/cscratch1/sd/xianwen/acme_scratch/cori-knl/E3SMv2_modified_PresSST_UMRadALLon/remap_180x360/E3SMv2_modified_PresSST_UMRadALLon.cam.h0.0002-12.nc
---remap all variables---
E3SMv2_modified_PresSST_UMRadALLon.cam.h0.0003-01.nc
/global/cscratch1/sd/xianwen/acme_scratch/cori-knl/E3SMv2_modified_PresSST_UMRadALLon/remap_180x360/E3SMv2_modified_PresSST_UMRadALLon.cam.h0.0003-01.nc
---remap all variables---
E3SMv2_modified_PresSST_UMRadALLon.cam.h0.0003-02.nc
/global/cscratch1/sd/xianwen/acme_scratch/cori-knl/E3SMv2_modified_PresSST_UMRadALLon/remap_180x360/E3SMv2_modified_PresSST_UMRadALLon.cam.h0.0003-02.nc
---remap all variables---
E3SMv2_modified_PresSST_UMRadALLon.cam.h0.0003-03.nc
/global/cscratch1/sd/xianwen/acme_scratch/cori-knl/E3SMv2_modified_PresSST_UMRadALLon/remap_180x360/E3SMv2_modified_PresSST_UMRadALLon.cam.h0.0003-03.nc
---remap all variables---
E3SMv2_modified_PresSST_UMRadALLon.cam.h0.0003-04.nc
/global/cscratch1/sd/xianwen/acme_scratch/cori-knl/E3SMv2_modified_PresSST_UMRadALLon/remap_180x360/E3SMv2_modified_PresSST_UMRadALLon.cam.h0.0003-04.nc
---remap all variables---
E3SMv2_modified_PresSST_UMRadALLon.cam.h0.0003-05.nc
/global/cscratch1/sd/xianwen/acme_scratch/cori-knl/E3SMv2_modified_PresSST_UMRadALLon/remap_180x360/E3SMv2_modified_PresSST_UMRadALLon.cam.h0.0003-05.nc
---remap all variables---
E3SMv2_modified_PresSST_UMRadALLon.cam.h0.0003-06.nc
/global/cscratch1/sd/xianwen/acme_scratch/cori-knl/E3SMv2_modified_PresSST_UMRadALLon/remap_180x360/E3SMv2_modified_PresSST_UMRadALLon.cam.h0.0003-06.nc
---remap all variables---
E3SMv2_modified_PresSST_UMRadALLon.cam.h0.0003-07.nc
/global/cscratch1/sd/xianwen/acme_scratch/cori-knl/E3SMv2_modified_PresSST_UMRadALLon/remap_180x360/E3SMv2_modified_PresSST_UMRadALLon.cam.h0.0003-07.nc
---remap all variables---
E3SMv2_modified_PresSST_UMRadALLon.cam.h0.0003-08.nc
/global/cscratch1/sd/xianwen/acme_scratch/cori-knl/E3SMv2_modified_PresSST_UMRadALLon/remap_180x360/E3SMv2_modified_PresSST_UMRadALLon.cam.h0.0003-08.nc
---remap all variables---
E3SMv2_modified_PresSST_UMRadALLon.cam.h0.0003-09.nc
/global/cscratch1/sd/xianwen/acme_scratch/cori-knl/E3SMv2_modified_PresSST_UMRadALLon/remap_180x360/E3SMv2_modified_PresSST_UMRadALLon.cam.h0.0003-09.nc
---remap all variables---
E3SMv2_modified_PresSST_UMRadALLon.cam.h0.0003-10.nc
/global/cscratch1/sd/xianwen/acme_scratch/cori-knl/E3SMv2_modified_PresSST_UMRadALLon/remap_180x360/E3SMv2_modified_PresSST_UMRadALLon.cam.h0.0003-10.nc
---remap all variables---
E3SMv2_modified_PresSST_UMRadALLon.cam.h0.0003-11.nc
/global/cscratch1/sd/xianwen/acme_scratch/cori-knl/E3SMv2_modified_PresSST_UMRadALLon/remap_180x360/E3SMv2_modified_PresSST_UMRadALLon.cam.h0.0003-11.nc
---remap all variables---
E3SMv2_modified_PresSST_UMRadALLon.cam.h0.0003-12.nc
/global/cscratch1/sd/xianwen/acme_scratch/cori-knl/E3SMv2_modified_PresSST_UMRadALLon/remap_180x360/E3SMv2_modified_PresSST_UMRadALLon.cam.h0.0003-12.nc
---remap all variables---
E3SMv2_modified_PresSST_UMRadALLon.cam.h0.0004-01.nc
/global/cscratch1/sd/xianwen/acme_scratch/cori-knl/E3SMv2_modified_PresSST_UMRadALLon/remap_180x360/E3SMv2_modified_PresSST_UMRadALLon.cam.h0.0004-01.nc
---remap all variables---
E3SMv2_modified_PresSST_UMRadALLon.cam.h0.0004-02.nc
/global/cscratch1/sd/xianwen/acme_scratch/cori-knl/E3SMv2_modified_PresSST_UMRadALLon/remap_180x360/E3SMv2_modified_PresSST_UMRadALLon.cam.h0.0004-02.nc
---remap all variables---
E3SMv2_modified_PresSST_UMRadALLon.cam.h0.0004-03.nc
/global/cscratch1/sd/xianwen/acme_scratch/cori-knl/E3SMv2_modified_PresSST_UMRadALLon/remap_180x360/E3SMv2_modified_PresSST_UMRadALLon.cam.h0.0004-03.nc
---remap all variables---
E3SMv2_modified_PresSST_UMRadALLon.cam.h0.0004-04.nc
/global/cscratch1/sd/xianwen/acme_scratch/cori-knl/E3SMv2_modified_PresSST_UMRadALLon/remap_180x360/E3SMv2_modified_PresSST_UMRadALLon.cam.h0.0004-04.nc
---remap all variables---
E3SMv2_modified_PresSST_UMRadALLon.cam.h0.0004-05.nc
/global/cscratch1/sd/xianwen/acme_scratch/cori-knl/E3SMv2_modified_PresSST_UMRadALLon/remap_180x360/E3SMv2_modified_PresSST_UMRadALLon.cam.h0.0004-05.nc
---remap all variables---
E3SMv2_modified_PresSST_UMRadALLon.cam.h0.0004-06.nc
/global/cscratch1/sd/xianwen/acme_scratch/cori-knl/E3SMv2_modified_PresSST_UMRadALLon/remap_180x360/E3SMv2_modified_PresSST_UMRadALLon.cam.h0.0004-06.nc
---remap all variables---
E3SMv2_modified_PresSST_UMRadALLon.cam.h0.0004-07.nc
/global/cscratch1/sd/xianwen/acme_scratch/cori-knl/E3SMv2_modified_PresSST_UMRadALLon/remap_180x360/E3SMv2_modified_PresSST_UMRadALLon.cam.h0.0004-07.nc
---remap all variables---
E3SMv2_modified_PresSST_UMRadALLon.cam.h0.0004-08.nc
/global/cscratch1/sd/xianwen/acme_scratch/cori-knl/E3SMv2_modified_PresSST_UMRadALLon/remap_180x360/E3SMv2_modified_PresSST_UMRadALLon.cam.h0.0004-08.nc
---remap all variables---
E3SMv2_modified_PresSST_UMRadALLon.cam.h0.0004-09.nc
/global/cscratch1/sd/xianwen/acme_scratch/cori-knl/E3SMv2_modified_PresSST_UMRadALLon/remap_180x360/E3SMv2_modified_PresSST_UMRadALLon.cam.h0.0004-09.nc
---remap all variables---
E3SMv2_modified_PresSST_UMRadALLon.cam.h0.0004-10.nc
/global/cscratch1/sd/xianwen/acme_scratch/cori-knl/E3SMv2_modified_PresSST_UMRadALLon/remap_180x360/E3SMv2_modified_PresSST_UMRadALLon.cam.h0.0004-10.nc
---remap all variables---
E3SMv2_modified_PresSST_UMRadALLon.cam.h0.0004-11.nc
/global/cscratch1/sd/xianwen/acme_scratch/cori-knl/E3SMv2_modified_PresSST_UMRadALLon/remap_180x360/E3SMv2_modified_PresSST_UMRadALLon.cam.h0.0004-11.nc
---remap all variables---
E3SMv2_modified_PresSST_UMRadALLon.cam.h0.0004-12.nc
/global/cscratch1/sd/xianwen/acme_scratch/cori-knl/E3SMv2_modified_PresSST_UMRadALLon/remap_180x360/E3SMv2_modified_PresSST_UMRadALLon.cam.h0.0004-12.nc
---remap all variables---
E3SMv2_modified_PresSST_UMRadALLon.cam.h0.0005-01.nc
/global/cscratch1/sd/xianwen/acme_scratch/cori-knl/E3SMv2_modified_PresSST_UMRadALLon/remap_180x360/E3SMv2_modified_PresSST_UMRadALLon.cam.h0.0005-01.nc
---remap all variables---
E3SMv2_modified_PresSST_UMRadALLon.cam.h0.0005-02.nc
/global/cscratch1/sd/xianwen/acme_scratch/cori-knl/E3SMv2_modified_PresSST_UMRadALLon/remap_180x360/E3SMv2_modified_PresSST_UMRadALLon.cam.h0.0005-02.nc
---remap all variables---
E3SMv2_modified_PresSST_UMRadALLon.cam.h0.0005-03.nc
/global/cscratch1/sd/xianwen/acme_scratch/cori-knl/E3SMv2_modified_PresSST_UMRadALLon/remap_180x360/E3SMv2_modified_PresSST_UMRadALLon.cam.h0.0005-03.nc
---remap all variables---
E3SMv2_modified_PresSST_UMRadALLon.cam.h0.0005-04.nc
/global/cscratch1/sd/xianwen/acme_scratch/cori-knl/E3SMv2_modified_PresSST_UMRadALLon/remap_180x360/E3SMv2_modified_PresSST_UMRadALLon.cam.h0.0005-04.nc
---remap all variables---
E3SMv2_modified_PresSST_UMRadALLon.cam.h0.0005-05.nc
/global/cscratch1/sd/xianwen/acme_scratch/cori-knl/E3SMv2_modified_PresSST_UMRadALLon/remap_180x360/E3SMv2_modified_PresSST_UMRadALLon.cam.h0.0005-05.nc
---remap all variables---
E3SMv2_modified_PresSST_UMRadALLon.cam.h0.0005-06.nc
/global/cscratch1/sd/xianwen/acme_scratch/cori-knl/E3SMv2_modified_PresSST_UMRadALLon/remap_180x360/E3SMv2_modified_PresSST_UMRadALLon.cam.h0.0005-06.nc
---remap all variables---
E3SMv2_modified_PresSST_UMRadALLon.cam.h0.0005-07.nc
/global/cscratch1/sd/xianwen/acme_scratch/cori-knl/E3SMv2_modified_PresSST_UMRadALLon/remap_180x360/E3SMv2_modified_PresSST_UMRadALLon.cam.h0.0005-07.nc
---remap all variables---
E3SMv2_modified_PresSST_UMRadALLon.cam.h0.0005-08.nc
/global/cscratch1/sd/xianwen/acme_scratch/cori-knl/E3SMv2_modified_PresSST_UMRadALLon/remap_180x360/E3SMv2_modified_PresSST_UMRadALLon.cam.h0.0005-08.nc
---remap all variables---
E3SMv2_modified_PresSST_UMRadALLon.cam.h0.0005-09.nc
/global/cscratch1/sd/xianwen/acme_scratch/cori-knl/E3SMv2_modified_PresSST_UMRadALLon/remap_180x360/E3SMv2_modified_PresSST_UMRadALLon.cam.h0.0005-09.nc
---remap all variables---
E3SMv2_modified_PresSST_UMRadALLon.cam.h0.0005-10.nc
/global/cscratch1/sd/xianwen/acme_scratch/cori-knl/E3SMv2_modified_PresSST_UMRadALLon/remap_180x360/E3SMv2_modified_PresSST_UMRadALLon.cam.h0.0005-10.nc
---remap all variables---
E3SMv2_modified_PresSST_UMRadALLon.cam.h0.0005-11.nc
/global/cscratch1/sd/xianwen/acme_scratch/cori-knl/E3SMv2_modified_PresSST_UMRadALLon/remap_180x360/E3SMv2_modified_PresSST_UMRadALLon.cam.h0.0005-11.nc
---remap all variables---
E3SMv2_modified_PresSST_UMRadALLon.cam.h0.0005-12.nc
/global/cscratch1/sd/xianwen/acme_scratch/cori-knl/E3SMv2_modified_PresSST_UMRadALLon/remap_180x360/E3SMv2_modified_PresSST_UMRadALLon.cam.h0.0005-12.nc
---remap all variables---
E3SMv2_modified_PresSST_UMRadALLon.cam.h0.0006-01.nc
/global/cscratch1/sd/xianwen/acme_scratch/cori-knl/E3SMv2_modified_PresSST_UMRadALLon/remap_180x360/E3SMv2_modified_PresSST_UMRadALLon.cam.h0.0006-01.nc
---remap all variables---
E3SMv2_modified_PresSST_UMRadALLon.cam.h0.0006-02.nc
/global/cscratch1/sd/xianwen/acme_scratch/cori-knl/E3SMv2_modified_PresSST_UMRadALLon/remap_180x360/E3SMv2_modified_PresSST_UMRadALLon.cam.h0.0006-02.nc
---remap all variables---
E3SMv2_modified_PresSST_UMRadALLon.cam.h0.0006-03.nc
/global/cscratch1/sd/xianwen/acme_scratch/cori-knl/E3SMv2_modified_PresSST_UMRadALLon/remap_180x360/E3SMv2_modified_PresSST_UMRadALLon.cam.h0.0006-03.nc
---remap all variables---
E3SMv2_modified_PresSST_UMRadALLon.cam.h0.0006-04.nc
/global/cscratch1/sd/xianwen/acme_scratch/cori-knl/E3SMv2_modified_PresSST_UMRadALLon/remap_180x360/E3SMv2_modified_PresSST_UMRadALLon.cam.h0.0006-04.nc
---remap all variables---
E3SMv2_modified_PresSST_UMRadALLon.cam.h0.0006-05.nc
/global/cscratch1/sd/xianwen/acme_scratch/cori-knl/E3SMv2_modified_PresSST_UMRadALLon/remap_180x360/E3SMv2_modified_PresSST_UMRadALLon.cam.h0.0006-05.nc
---remap all variables---
E3SMv2_modified_PresSST_UMRadALLon.cam.h0.0006-06.nc
/global/cscratch1/sd/xianwen/acme_scratch/cori-knl/E3SMv2_modified_PresSST_UMRadALLon/remap_180x360/E3SMv2_modified_PresSST_UMRadALLon.cam.h0.0006-06.nc
---remap all variables---
E3SMv2_modified_PresSST_UMRadALLon.cam.h0.0006-07.nc
/global/cscratch1/sd/xianwen/acme_scratch/cori-knl/E3SMv2_modified_PresSST_UMRadALLon/remap_180x360/E3SMv2_modified_PresSST_UMRadALLon.cam.h0.0006-07.nc
---remap all variables---
E3SMv2_modified_PresSST_UMRadALLon.cam.h0.0006-08.nc
/global/cscratch1/sd/xianwen/acme_scratch/cori-knl/E3SMv2_modified_PresSST_UMRadALLon/remap_180x360/E3SMv2_modified_PresSST_UMRadALLon.cam.h0.0006-08.nc
---remap all variables---
E3SMv2_modified_PresSST_UMRadALLon.cam.h0.0006-09.nc
/global/cscratch1/sd/xianwen/acme_scratch/cori-knl/E3SMv2_modified_PresSST_UMRadALLon/remap_180x360/E3SMv2_modified_PresSST_UMRadALLon.cam.h0.0006-09.nc
---remap all variables---
E3SMv2_modified_PresSST_UMRadALLon.cam.h0.0006-10.nc
/global/cscratch1/sd/xianwen/acme_scratch/cori-knl/E3SMv2_modified_PresSST_UMRadALLon/remap_180x360/E3SMv2_modified_PresSST_UMRadALLon.cam.h0.0006-10.nc
---remap all variables---
E3SMv2_modified_PresSST_UMRadALLon.cam.h0.0006-11.nc
/global/cscratch1/sd/xianwen/acme_scratch/cori-knl/E3SMv2_modified_PresSST_UMRadALLon/remap_180x360/E3SMv2_modified_PresSST_UMRadALLon.cam.h0.0006-11.nc
---remap all variables---
E3SMv2_modified_PresSST_UMRadALLon.cam.h0.0006-12.nc
/global/cscratch1/sd/xianwen/acme_scratch/cori-knl/E3SMv2_modified_PresSST_UMRadALLon/remap_180x360/E3SMv2_modified_PresSST_UMRadALLon.cam.h0.0006-12.nc
---remap all variables---
E3SMv2_modified_PresSST_UMRadALLon.cam.h0.0007-01.nc
/global/cscratch1/sd/xianwen/acme_scratch/cori-knl/E3SMv2_modified_PresSST_UMRadALLon/remap_180x360/E3SMv2_modified_PresSST_UMRadALLon.cam.h0.0007-01.nc
---remap all variables---
E3SMv2_modified_PresSST_UMRadALLon.cam.h0.0007-02.nc
/global/cscratch1/sd/xianwen/acme_scratch/cori-knl/E3SMv2_modified_PresSST_UMRadALLon/remap_180x360/E3SMv2_modified_PresSST_UMRadALLon.cam.h0.0007-02.nc
---remap all variables---
E3SMv2_modified_PresSST_UMRadALLon.cam.h0.0007-03.nc
/global/cscratch1/sd/xianwen/acme_scratch/cori-knl/E3SMv2_modified_PresSST_UMRadALLon/remap_180x360/E3SMv2_modified_PresSST_UMRadALLon.cam.h0.0007-03.nc
---remap all variables---
E3SMv2_modified_PresSST_UMRadALLon.cam.h0.0007-04.nc
/global/cscratch1/sd/xianwen/acme_scratch/cori-knl/E3SMv2_modified_PresSST_UMRadALLon/remap_180x360/E3SMv2_modified_PresSST_UMRadALLon.cam.h0.0007-04.nc
---remap all variables---
E3SMv2_modified_PresSST_UMRadALLon.cam.h0.0007-05.nc
/global/cscratch1/sd/xianwen/acme_scratch/cori-knl/E3SMv2_modified_PresSST_UMRadALLon/remap_180x360/E3SMv2_modified_PresSST_UMRadALLon.cam.h0.0007-05.nc
---remap all variables---
E3SMv2_modified_PresSST_UMRadALLon.cam.h0.0007-06.nc
/global/cscratch1/sd/xianwen/acme_scratch/cori-knl/E3SMv2_modified_PresSST_UMRadALLon/remap_180x360/E3SMv2_modified_PresSST_UMRadALLon.cam.h0.0007-06.nc
---remap all variables---
E3SMv2_modified_PresSST_UMRadALLon.cam.h0.0007-07.nc
/global/cscratch1/sd/xianwen/acme_scratch/cori-knl/E3SMv2_modified_PresSST_UMRadALLon/remap_180x360/E3SMv2_modified_PresSST_UMRadALLon.cam.h0.0007-07.nc
---remap all variables---
E3SMv2_modified_PresSST_UMRadALLon.cam.h0.0007-08.nc
/global/cscratch1/sd/xianwen/acme_scratch/cori-knl/E3SMv2_modified_PresSST_UMRadALLon/remap_180x360/E3SMv2_modified_PresSST_UMRadALLon.cam.h0.0007-08.nc
---remap all variables---
E3SMv2_modified_PresSST_UMRadALLon.cam.h0.0007-09.nc
/global/cscratch1/sd/xianwen/acme_scratch/cori-knl/E3SMv2_modified_PresSST_UMRadALLon/remap_180x360/E3SMv2_modified_PresSST_UMRadALLon.cam.h0.0007-09.nc
---remap all variables---
E3SMv2_modified_PresSST_UMRadALLon.cam.h0.0007-10.nc
/global/cscratch1/sd/xianwen/acme_scratch/cori-knl/E3SMv2_modified_PresSST_UMRadALLon/remap_180x360/E3SMv2_modified_PresSST_UMRadALLon.cam.h0.0007-10.nc
---remap all variables---
E3SMv2_modified_PresSST_UMRadALLon.cam.h0.0007-11.nc
/global/cscratch1/sd/xianwen/acme_scratch/cori-knl/E3SMv2_modified_PresSST_UMRadALLon/remap_180x360/E3SMv2_modified_PresSST_UMRadALLon.cam.h0.0007-11.nc
---remap all variables---
E3SMv2_modified_PresSST_UMRadALLon.cam.h0.0007-12.nc
/global/cscratch1/sd/xianwen/acme_scratch/cori-knl/E3SMv2_modified_PresSST_UMRadALLon/remap_180x360/E3SMv2_modified_PresSST_UMRadALLon.cam.h0.0007-12.nc
---remap all variables---
E3SMv2_modified_PresSST_UMRadALLon.cam.h0.0008-01.nc
/global/cscratch1/sd/xianwen/acme_scratch/cori-knl/E3SMv2_modified_PresSST_UMRadALLon/remap_180x360/E3SMv2_modified_PresSST_UMRadALLon.cam.h0.0008-01.nc
---remap all variables---
E3SMv2_modified_PresSST_UMRadALLon.cam.h0.0008-02.nc
/global/cscratch1/sd/xianwen/acme_scratch/cori-knl/E3SMv2_modified_PresSST_UMRadALLon/remap_180x360/E3SMv2_modified_PresSST_UMRadALLon.cam.h0.0008-02.nc
---remap all variables---
E3SMv2_modified_PresSST_UMRadALLon.cam.h0.0008-03.nc
/global/cscratch1/sd/xianwen/acme_scratch/cori-knl/E3SMv2_modified_PresSST_UMRadALLon/remap_180x360/E3SMv2_modified_PresSST_UMRadALLon.cam.h0.0008-03.nc
---remap all variables---
E3SMv2_modified_PresSST_UMRadALLon.cam.h0.0008-04.nc
/global/cscratch1/sd/xianwen/acme_scratch/cori-knl/E3SMv2_modified_PresSST_UMRadALLon/remap_180x360/E3SMv2_modified_PresSST_UMRadALLon.cam.h0.0008-04.nc
---remap all variables---
E3SMv2_modified_PresSST_UMRadALLon.cam.h0.0008-05.nc
/global/cscratch1/sd/xianwen/acme_scratch/cori-knl/E3SMv2_modified_PresSST_UMRadALLon/remap_180x360/E3SMv2_modified_PresSST_UMRadALLon.cam.h0.0008-05.nc
---remap all variables---
E3SMv2_modified_PresSST_UMRadALLon.cam.h0.0008-06.nc
/global/cscratch1/sd/xianwen/acme_scratch/cori-knl/E3SMv2_modified_PresSST_UMRadALLon/remap_180x360/E3SMv2_modified_PresSST_UMRadALLon.cam.h0.0008-06.nc
---remap all variables---
E3SMv2_modified_PresSST_UMRadALLon.cam.h0.0008-07.nc
/global/cscratch1/sd/xianwen/acme_scratch/cori-knl/E3SMv2_modified_PresSST_UMRadALLon/remap_180x360/E3SMv2_modified_PresSST_UMRadALLon.cam.h0.0008-07.nc
---remap all variables---
E3SMv2_modified_PresSST_UMRadALLon.cam.h0.0008-08.nc
/global/cscratch1/sd/xianwen/acme_scratch/cori-knl/E3SMv2_modified_PresSST_UMRadALLon/remap_180x360/E3SMv2_modified_PresSST_UMRadALLon.cam.h0.0008-08.nc
---remap all variables---
E3SMv2_modified_PresSST_UMRadALLon.cam.h0.0008-09.nc
/global/cscratch1/sd/xianwen/acme_scratch/cori-knl/E3SMv2_modified_PresSST_UMRadALLon/remap_180x360/E3SMv2_modified_PresSST_UMRadALLon.cam.h0.0008-09.nc
---remap all variables---
E3SMv2_modified_PresSST_UMRadALLon.cam.h0.0008-10.nc
/global/cscratch1/sd/xianwen/acme_scratch/cori-knl/E3SMv2_modified_PresSST_UMRadALLon/remap_180x360/E3SMv2_modified_PresSST_UMRadALLon.cam.h0.0008-10.nc
---remap all variables---
E3SMv2_modified_PresSST_UMRadALLon.cam.h0.0008-11.nc
/global/cscratch1/sd/xianwen/acme_scratch/cori-knl/E3SMv2_modified_PresSST_UMRadALLon/remap_180x360/E3SMv2_modified_PresSST_UMRadALLon.cam.h0.0008-11.nc
---remap all variables---
E3SMv2_modified_PresSST_UMRadALLon.cam.h0.0008-12.nc
/global/cscratch1/sd/xianwen/acme_scratch/cori-knl/E3SMv2_modified_PresSST_UMRadALLon/remap_180x360/E3SMv2_modified_PresSST_UMRadALLon.cam.h0.0008-12.nc
---remap all variables---
E3SMv2_modified_PresSST_UMRadALLon.cam.h0.0009-01.nc
/global/cscratch1/sd/xianwen/acme_scratch/cori-knl/E3SMv2_modified_PresSST_UMRadALLon/remap_180x360/E3SMv2_modified_PresSST_UMRadALLon.cam.h0.0009-01.nc
---remap all variables---
E3SMv2_modified_PresSST_UMRadALLon.cam.h0.0009-02.nc
/global/cscratch1/sd/xianwen/acme_scratch/cori-knl/E3SMv2_modified_PresSST_UMRadALLon/remap_180x360/E3SMv2_modified_PresSST_UMRadALLon.cam.h0.0009-02.nc
---remap all variables---
E3SMv2_modified_PresSST_UMRadALLon.cam.h0.0009-03.nc
/global/cscratch1/sd/xianwen/acme_scratch/cori-knl/E3SMv2_modified_PresSST_UMRadALLon/remap_180x360/E3SMv2_modified_PresSST_UMRadALLon.cam.h0.0009-03.nc
---remap all variables---
E3SMv2_modified_PresSST_UMRadALLon.cam.h0.0009-04.nc
/global/cscratch1/sd/xianwen/acme_scratch/cori-knl/E3SMv2_modified_PresSST_UMRadALLon/remap_180x360/E3SMv2_modified_PresSST_UMRadALLon.cam.h0.0009-04.nc
---remap all variables---
E3SMv2_modified_PresSST_UMRadALLon.cam.h0.0009-05.nc
/global/cscratch1/sd/xianwen/acme_scratch/cori-knl/E3SMv2_modified_PresSST_UMRadALLon/remap_180x360/E3SMv2_modified_PresSST_UMRadALLon.cam.h0.0009-05.nc
---remap all variables---
E3SMv2_modified_PresSST_UMRadALLon.cam.h0.0009-06.nc
/global/cscratch1/sd/xianwen/acme_scratch/cori-knl/E3SMv2_modified_PresSST_UMRadALLon/remap_180x360/E3SMv2_modified_PresSST_UMRadALLon.cam.h0.0009-06.nc
---remap all variables---
E3SMv2_modified_PresSST_UMRadALLon.cam.h0.0009-07.nc
/global/cscratch1/sd/xianwen/acme_scratch/cori-knl/E3SMv2_modified_PresSST_UMRadALLon/remap_180x360/E3SMv2_modified_PresSST_UMRadALLon.cam.h0.0009-07.nc
---remap all variables---
E3SMv2_modified_PresSST_UMRadALLon.cam.h0.0009-08.nc
/global/cscratch1/sd/xianwen/acme_scratch/cori-knl/E3SMv2_modified_PresSST_UMRadALLon/remap_180x360/E3SMv2_modified_PresSST_UMRadALLon.cam.h0.0009-08.nc
---remap all variables---
E3SMv2_modified_PresSST_UMRadALLon.cam.h0.0009-09.nc
/global/cscratch1/sd/xianwen/acme_scratch/cori-knl/E3SMv2_modified_PresSST_UMRadALLon/remap_180x360/E3SMv2_modified_PresSST_UMRadALLon.cam.h0.0009-09.nc
---remap all variables---
E3SMv2_modified_PresSST_UMRadALLon.cam.h0.0009-10.nc
/global/cscratch1/sd/xianwen/acme_scratch/cori-knl/E3SMv2_modified_PresSST_UMRadALLon/remap_180x360/E3SMv2_modified_PresSST_UMRadALLon.cam.h0.0009-10.nc
---remap all variables---
E3SMv2_modified_PresSST_UMRadALLon.cam.h0.0009-11.nc
/global/cscratch1/sd/xianwen/acme_scratch/cori-knl/E3SMv2_modified_PresSST_UMRadALLon/remap_180x360/E3SMv2_modified_PresSST_UMRadALLon.cam.h0.0009-11.nc
---remap all variables---
E3SMv2_modified_PresSST_UMRadALLon.cam.h0.0009-12.nc
/global/cscratch1/sd/xianwen/acme_scratch/cori-knl/E3SMv2_modified_PresSST_UMRadALLon/remap_180x360/E3SMv2_modified_PresSST_UMRadALLon.cam.h0.0009-12.nc
---remap all variables---
E3SMv2_modified_PresSST_UMRadALLon.cam.h0.0010-01.nc
/global/cscratch1/sd/xianwen/acme_scratch/cori-knl/E3SMv2_modified_PresSST_UMRadALLon/remap_180x360/E3SMv2_modified_PresSST_UMRadALLon.cam.h0.0010-01.nc
---remap all variables---
E3SMv2_modified_PresSST_UMRadALLon.cam.h0.0010-02.nc
/global/cscratch1/sd/xianwen/acme_scratch/cori-knl/E3SMv2_modified_PresSST_UMRadALLon/remap_180x360/E3SMv2_modified_PresSST_UMRadALLon.cam.h0.0010-02.nc
---remap all variables---
E3SMv2_modified_PresSST_UMRadALLon.cam.h0.0010-03.nc
/global/cscratch1/sd/xianwen/acme_scratch/cori-knl/E3SMv2_modified_PresSST_UMRadALLon/remap_180x360/E3SMv2_modified_PresSST_UMRadALLon.cam.h0.0010-03.nc
---remap all variables---
E3SMv2_modified_PresSST_UMRadALLon.cam.h0.0010-04.nc
/global/cscratch1/sd/xianwen/acme_scratch/cori-knl/E3SMv2_modified_PresSST_UMRadALLon/remap_180x360/E3SMv2_modified_PresSST_UMRadALLon.cam.h0.0010-04.nc
---remap all variables---
E3SMv2_modified_PresSST_UMRadALLon.cam.h0.0010-05.nc
/global/cscratch1/sd/xianwen/acme_scratch/cori-knl/E3SMv2_modified_PresSST_UMRadALLon/remap_180x360/E3SMv2_modified_PresSST_UMRadALLon.cam.h0.0010-05.nc
---remap all variables---
E3SMv2_modified_PresSST_UMRadALLon.cam.h0.0010-06.nc
/global/cscratch1/sd/xianwen/acme_scratch/cori-knl/E3SMv2_modified_PresSST_UMRadALLon/remap_180x360/E3SMv2_modified_PresSST_UMRadALLon.cam.h0.0010-06.nc
---remap all variables---
E3SMv2_modified_PresSST_UMRadALLon.cam.h0.0010-07.nc
/global/cscratch1/sd/xianwen/acme_scratch/cori-knl/E3SMv2_modified_PresSST_UMRadALLon/remap_180x360/E3SMv2_modified_PresSST_UMRadALLon.cam.h0.0010-07.nc
---remap all variables---
E3SMv2_modified_PresSST_UMRadALLon.cam.h0.0010-08.nc
/global/cscratch1/sd/xianwen/acme_scratch/cori-knl/E3SMv2_modified_PresSST_UMRadALLon/remap_180x360/E3SMv2_modified_PresSST_UMRadALLon.cam.h0.0010-08.nc
---remap all variables---
E3SMv2_modified_PresSST_UMRadALLon.cam.h0.0010-09.nc
/global/cscratch1/sd/xianwen/acme_scratch/cori-knl/E3SMv2_modified_PresSST_UMRadALLon/remap_180x360/E3SMv2_modified_PresSST_UMRadALLon.cam.h0.0010-09.nc
---remap all variables---
E3SMv2_modified_PresSST_UMRadALLon.cam.h0.0010-10.nc
/global/cscratch1/sd/xianwen/acme_scratch/cori-knl/E3SMv2_modified_PresSST_UMRadALLon/remap_180x360/E3SMv2_modified_PresSST_UMRadALLon.cam.h0.0010-10.nc
---remap all variables---
E3SMv2_modified_PresSST_UMRadALLon.cam.h0.0010-11.nc
/global/cscratch1/sd/xianwen/acme_scratch/cori-knl/E3SMv2_modified_PresSST_UMRadALLon/remap_180x360/E3SMv2_modified_PresSST_UMRadALLon.cam.h0.0010-11.nc
---remap all variables---
E3SMv2_modified_PresSST_UMRadALLon.cam.h0.0010-12.nc
/global/cscratch1/sd/xianwen/acme_scratch/cori-knl/E3SMv2_modified_PresSST_UMRadALLon/remap_180x360/E3SMv2_modified_PresSST_UMRadALLon.cam.h0.0010-12.nc
---remap all variables---
E3SMv2_modified_PresSST_UMRadALLon.cam.h0.0011-01.nc
/global/cscratch1/sd/xianwen/acme_scratch/cori-knl/E3SMv2_modified_PresSST_UMRadALLon/remap_180x360/E3SMv2_modified_PresSST_UMRadALLon.cam.h0.0011-01.nc
---remap all variables---
E3SMv2_modified_PresSST_UMRadALLon.cam.h0.0011-02.nc
/global/cscratch1/sd/xianwen/acme_scratch/cori-knl/E3SMv2_modified_PresSST_UMRadALLon/remap_180x360/E3SMv2_modified_PresSST_UMRadALLon.cam.h0.0011-02.nc
---remap all variables---
E3SMv2_modified_PresSST_UMRadALLon.cam.h0.0011-03.nc
/global/cscratch1/sd/xianwen/acme_scratch/cori-knl/E3SMv2_modified_PresSST_UMRadALLon/remap_180x360/E3SMv2_modified_PresSST_UMRadALLon.cam.h0.0011-03.nc
---remap all variables---
E3SMv2_modified_PresSST_UMRadALLon.cam.h0.0011-04.nc
/global/cscratch1/sd/xianwen/acme_scratch/cori-knl/E3SMv2_modified_PresSST_UMRadALLon/remap_180x360/E3SMv2_modified_PresSST_UMRadALLon.cam.h0.0011-04.nc
---remap all variables---
E3SMv2_modified_PresSST_UMRadALLon.cam.h0.0011-05.nc
/global/cscratch1/sd/xianwen/acme_scratch/cori-knl/E3SMv2_modified_PresSST_UMRadALLon/remap_180x360/E3SMv2_modified_PresSST_UMRadALLon.cam.h0.0011-05.nc
---remap all variables---
E3SMv2_modified_PresSST_UMRadALLon.cam.h0.0011-06.nc
/global/cscratch1/sd/xianwen/acme_scratch/cori-knl/E3SMv2_modified_PresSST_UMRadALLon/remap_180x360/E3SMv2_modified_PresSST_UMRadALLon.cam.h0.0011-06.nc
---remap all variables---
E3SMv2_modified_PresSST_UMRadALLon.cam.h0.0011-07.nc
/global/cscratch1/sd/xianwen/acme_scratch/cori-knl/E3SMv2_modified_PresSST_UMRadALLon/remap_180x360/E3SMv2_modified_PresSST_UMRadALLon.cam.h0.0011-07.nc
---remap all variables---
E3SMv2_modified_PresSST_UMRadALLon.cam.h0.0011-08.nc
/global/cscratch1/sd/xianwen/acme_scratch/cori-knl/E3SMv2_modified_PresSST_UMRadALLon/remap_180x360/E3SMv2_modified_PresSST_UMRadALLon.cam.h0.0011-08.nc
---remap all variables---
E3SMv2_modified_PresSST_UMRadALLon.cam.h0.0011-09.nc
/global/cscratch1/sd/xianwen/acme_scratch/cori-knl/E3SMv2_modified_PresSST_UMRadALLon/remap_180x360/E3SMv2_modified_PresSST_UMRadALLon.cam.h0.0011-09.nc
---remap all variables---
E3SMv2_modified_PresSST_UMRadALLon.cam.h0.0011-10.nc
/global/cscratch1/sd/xianwen/acme_scratch/cori-knl/E3SMv2_modified_PresSST_UMRadALLon/remap_180x360/E3SMv2_modified_PresSST_UMRadALLon.cam.h0.0011-10.nc
---remap all variables---
E3SMv2_modified_PresSST_UMRadALLon.cam.h0.0011-11.nc
/global/cscratch1/sd/xianwen/acme_scratch/cori-knl/E3SMv2_modified_PresSST_UMRadALLon/remap_180x360/E3SMv2_modified_PresSST_UMRadALLon.cam.h0.0011-11.nc
---remap all variables---
E3SMv2_modified_PresSST_UMRadALLon.cam.h0.0011-12.nc
/global/cscratch1/sd/xianwen/acme_scratch/cori-knl/E3SMv2_modified_PresSST_UMRadALLon/remap_180x360/E3SMv2_modified_PresSST_UMRadALLon.cam.h0.0011-12.nc
---remap all variables---
E3SMv2_modified_PresSST_UMRadALLon.cam.h0.0012-01.nc
/global/cscratch1/sd/xianwen/acme_scratch/cori-knl/E3SMv2_modified_PresSST_UMRadALLon/remap_180x360/E3SMv2_modified_PresSST_UMRadALLon.cam.h0.0012-01.nc
---remap all variables---
E3SMv2_modified_PresSST_UMRadALLon.cam.h0.0012-02.nc
/global/cscratch1/sd/xianwen/acme_scratch/cori-knl/E3SMv2_modified_PresSST_UMRadALLon/remap_180x360/E3SMv2_modified_PresSST_UMRadALLon.cam.h0.0012-02.nc
---remap all variables---
E3SMv2_modified_PresSST_UMRadALLon.cam.h0.0012-03.nc
/global/cscratch1/sd/xianwen/acme_scratch/cori-knl/E3SMv2_modified_PresSST_UMRadALLon/remap_180x360/E3SMv2_modified_PresSST_UMRadALLon.cam.h0.0012-03.nc
---remap all variables---
E3SMv2_modified_PresSST_UMRadALLon.cam.h0.0012-04.nc
/global/cscratch1/sd/xianwen/acme_scratch/cori-knl/E3SMv2_modified_PresSST_UMRadALLon/remap_180x360/E3SMv2_modified_PresSST_UMRadALLon.cam.h0.0012-04.nc
---remap all variables---
E3SMv2_modified_PresSST_UMRadALLon.cam.h0.0012-05.nc
/global/cscratch1/sd/xianwen/acme_scratch/cori-knl/E3SMv2_modified_PresSST_UMRadALLon/remap_180x360/E3SMv2_modified_PresSST_UMRadALLon.cam.h0.0012-05.nc
---remap all variables---
E3SMv2_modified_PresSST_UMRadALLon.cam.h0.0012-06.nc
/global/cscratch1/sd/xianwen/acme_scratch/cori-knl/E3SMv2_modified_PresSST_UMRadALLon/remap_180x360/E3SMv2_modified_PresSST_UMRadALLon.cam.h0.0012-06.nc
---remap all variables---
ls: cannot access /raid00/xianwen/E3SM_output/E3SM_coupled_restart_20TR_Yr2000-emis_Scat.Year2000_2014/*cam.h0.*: No such file or directory
k03-E3SM_coupled_20TR_hybrid_yy2000-emis_Scat.cam.h0.2000-01.nc
/raid00/xianwen/E3SM_output/E3SM_coupled_restart_20TR_Yr2000-emis_Scat.Year2000_2014/remap_180x360/k03-E3SM_coupled_20TR_hybrid_yy2000-emis_Scat.cam.h0.2000-01.nc
---remap all variables---
k03-E3SM_coupled_20TR_hybrid_yy2000-emis_Scat.cam.h0.2000-02.nc
/raid00/xianwen/E3SM_output/E3SM_coupled_restart_20TR_Yr2000-emis_Scat.Year2000_2014/remap_180x360/k03-E3SM_coupled_20TR_hybrid_yy2000-emis_Scat.cam.h0.2000-02.nc
---remap all variables---
k03-E3SM_coupled_20TR_hybrid_yy2000-emis_Scat.cam.h0.2000-03.nc
/raid00/xianwen/E3SM_output/E3SM_coupled_restart_20TR_Yr2000-emis_Scat.Year2000_2014/remap_180x360/k03-E3SM_coupled_20TR_hybrid_yy2000-emis_Scat.cam.h0.2000-03.nc
---remap all variables---
k03-E3SM_coupled_20TR_hybrid_yy2000-emis_Scat.cam.h0.2000-04.nc
/raid00/xianwen/E3SM_output/E3SM_coupled_restart_20TR_Yr2000-emis_Scat.Year2000_2014/remap_180x360/k03-E3SM_coupled_20TR_hybrid_yy2000-emis_Scat.cam.h0.2000-04.nc
---remap all variables---
k03-E3SM_coupled_20TR_hybrid_yy2000-emis_Scat.cam.h0.2000-05.nc
/raid00/xianwen/E3SM_output/E3SM_coupled_restart_20TR_Yr2000-emis_Scat.Year2000_2014/remap_180x360/k03-E3SM_coupled_20TR_hybrid_yy2000-emis_Scat.cam.h0.2000-05.nc
---remap all variables---
k03-E3SM_coupled_20TR_hybrid_yy2000-emis_Scat.cam.h0.2000-06.nc
/raid00/xianwen/E3SM_output/E3SM_coupled_restart_20TR_Yr2000-emis_Scat.Year2000_2014/remap_180x360/k03-E3SM_coupled_20TR_hybrid_yy2000-emis_Scat.cam.h0.2000-06.nc
---remap all variables---
k03-E3SM_coupled_20TR_hybrid_yy2000-emis_Scat.cam.h0.2000-07.nc
/raid00/xianwen/E3SM_output/E3SM_coupled_restart_20TR_Yr2000-emis_Scat.Year2000_2014/remap_180x360/k03-E3SM_coupled_20TR_hybrid_yy2000-emis_Scat.cam.h0.2000-07.nc
---remap all variables---
k03-E3SM_coupled_20TR_hybrid_yy2000-emis_Scat.cam.h0.2000-08.nc
/raid00/xianwen/E3SM_output/E3SM_coupled_restart_20TR_Yr2000-emis_Scat.Year2000_2014/remap_180x360/k03-E3SM_coupled_20TR_hybrid_yy2000-emis_Scat.cam.h0.2000-08.nc
---remap all variables---
k03-E3SM_coupled_20TR_hybrid_yy2000-emis_Scat.cam.h0.2000-09.nc
/raid00/xianwen/E3SM_output/E3SM_coupled_restart_20TR_Yr2000-emis_Scat.Year2000_2014/remap_180x360/k03-E3SM_coupled_20TR_hybrid_yy2000-emis_Scat.cam.h0.2000-09.nc
---remap all variables---
k03-E3SM_coupled_20TR_hybrid_yy2000-emis_Scat.cam.h0.2000-10.nc
/raid00/xianwen/E3SM_output/E3SM_coupled_restart_20TR_Yr2000-emis_Scat.Year2000_2014/remap_180x360/k03-E3SM_coupled_20TR_hybrid_yy2000-emis_Scat.cam.h0.2000-10.nc
---remap all variables---
k03-E3SM_coupled_20TR_hybrid_yy2000-emis_Scat.cam.h0.2000-11.nc
/raid00/xianwen/E3SM_output/E3SM_coupled_restart_20TR_Yr2000-emis_Scat.Year2000_2014/remap_180x360/k03-E3SM_coupled_20TR_hybrid_yy2000-emis_Scat.cam.h0.2000-11.nc
---remap all variables---
k03-E3SM_coupled_20TR_hybrid_yy2000-emis_Scat.cam.h0.2000-12.nc
/raid00/xianwen/E3SM_output/E3SM_coupled_restart_20TR_Yr2000-emis_Scat.Year2000_2014/remap_180x360/k03-E3SM_coupled_20TR_hybrid_yy2000-emis_Scat.cam.h0.2000-12.nc
---remap all variables---
k03-E3SM_coupled_20TR_hybrid_yy2000-emis_Scat.cam.h0.2001-01.nc
/raid00/xianwen/E3SM_output/E3SM_coupled_restart_20TR_Yr2000-emis_Scat.Year2000_2014/remap_180x360/k03-E3SM_coupled_20TR_hybrid_yy2000-emis_Scat.cam.h0.2001-01.nc
---remap all variables---
k03-E3SM_coupled_20TR_hybrid_yy2000-emis_Scat.cam.h0.2001-02.nc
/raid00/xianwen/E3SM_output/E3SM_coupled_restart_20TR_Yr2000-emis_Scat.Year2000_2014/remap_180x360/k03-E3SM_coupled_20TR_hybrid_yy2000-emis_Scat.cam.h0.2001-02.nc
---remap all variables---
k03-E3SM_coupled_20TR_hybrid_yy2000-emis_Scat.cam.h0.2001-03.nc
/raid00/xianwen/E3SM_output/E3SM_coupled_restart_20TR_Yr2000-emis_Scat.Year2000_2014/remap_180x360/k03-E3SM_coupled_20TR_hybrid_yy2000-emis_Scat.cam.h0.2001-03.nc
---remap all variables---
k03-E3SM_coupled_20TR_hybrid_yy2000-emis_Scat.cam.h0.2001-04.nc
/raid00/xianwen/E3SM_output/E3SM_coupled_restart_20TR_Yr2000-emis_Scat.Year2000_2014/remap_180x360/k03-E3SM_coupled_20TR_hybrid_yy2000-emis_Scat.cam.h0.2001-04.nc
---remap all variables---
k03-E3SM_coupled_20TR_hybrid_yy2000-emis_Scat.cam.h0.2001-05.nc
/raid00/xianwen/E3SM_output/E3SM_coupled_restart_20TR_Yr2000-emis_Scat.Year2000_2014/remap_180x360/k03-E3SM_coupled_20TR_hybrid_yy2000-emis_Scat.cam.h0.2001-05.nc
---remap all variables---
k03-E3SM_coupled_20TR_hybrid_yy2000-emis_Scat.cam.h0.2001-06.nc
/raid00/xianwen/E3SM_output/E3SM_coupled_restart_20TR_Yr2000-emis_Scat.Year2000_2014/remap_180x360/k03-E3SM_coupled_20TR_hybrid_yy2000-emis_Scat.cam.h0.2001-06.nc
---remap all variables---
k03-E3SM_coupled_20TR_hybrid_yy2000-emis_Scat.cam.h0.2001-07.nc
/raid00/xianwen/E3SM_output/E3SM_coupled_restart_20TR_Yr2000-emis_Scat.Year2000_2014/remap_180x360/k03-E3SM_coupled_20TR_hybrid_yy2000-emis_Scat.cam.h0.2001-07.nc
---remap all variables---
k03-E3SM_coupled_20TR_hybrid_yy2000-emis_Scat.cam.h0.2001-08.nc
/raid00/xianwen/E3SM_output/E3SM_coupled_restart_20TR_Yr2000-emis_Scat.Year2000_2014/remap_180x360/k03-E3SM_coupled_20TR_hybrid_yy2000-emis_Scat.cam.h0.2001-08.nc
---remap all variables---
k03-E3SM_coupled_20TR_hybrid_yy2000-emis_Scat.cam.h0.2001-09.nc
/raid00/xianwen/E3SM_output/E3SM_coupled_restart_20TR_Yr2000-emis_Scat.Year2000_2014/remap_180x360/k03-E3SM_coupled_20TR_hybrid_yy2000-emis_Scat.cam.h0.2001-09.nc
---remap all variables---
k03-E3SM_coupled_20TR_hybrid_yy2000-emis_Scat.cam.h0.2001-10.nc
/raid00/xianwen/E3SM_output/E3SM_coupled_restart_20TR_Yr2000-emis_Scat.Year2000_2014/remap_180x360/k03-E3SM_coupled_20TR_hybrid_yy2000-emis_Scat.cam.h0.2001-10.nc
---remap all variables---
k03-E3SM_coupled_20TR_hybrid_yy2000-emis_Scat.cam.h0.2001-11.nc
/raid00/xianwen/E3SM_output/E3SM_coupled_restart_20TR_Yr2000-emis_Scat.Year2000_2014/remap_180x360/k03-E3SM_coupled_20TR_hybrid_yy2000-emis_Scat.cam.h0.2001-11.nc
---remap all variables---
k03-E3SM_coupled_20TR_hybrid_yy2000-emis_Scat.cam.h0.2001-12.nc
/raid00/xianwen/E3SM_output/E3SM_coupled_restart_20TR_Yr2000-emis_Scat.Year2000_2014/remap_180x360/k03-E3SM_coupled_20TR_hybrid_yy2000-emis_Scat.cam.h0.2001-12.nc
---remap all variables---
k03-E3SM_coupled_20TR_hybrid_yy2000-emis_Scat.cam.h0.2002-01.nc
/raid00/xianwen/E3SM_output/E3SM_coupled_restart_20TR_Yr2000-emis_Scat.Year2000_2014/remap_180x360/k03-E3SM_coupled_20TR_hybrid_yy2000-emis_Scat.cam.h0.2002-01.nc
---remap all variables---
k03-E3SM_coupled_20TR_hybrid_yy2000-emis_Scat.cam.h0.2002-02.nc
/raid00/xianwen/E3SM_output/E3SM_coupled_restart_20TR_Yr2000-emis_Scat.Year2000_2014/remap_180x360/k03-E3SM_coupled_20TR_hybrid_yy2000-emis_Scat.cam.h0.2002-02.nc
---remap all variables---
k03-E3SM_coupled_20TR_hybrid_yy2000-emis_Scat.cam.h0.2002-03.nc
/raid00/xianwen/E3SM_output/E3SM_coupled_restart_20TR_Yr2000-emis_Scat.Year2000_2014/remap_180x360/k03-E3SM_coupled_20TR_hybrid_yy2000-emis_Scat.cam.h0.2002-03.nc
---remap all variables---
k03-E3SM_coupled_20TR_hybrid_yy2000-emis_Scat.cam.h0.2002-04.nc
/raid00/xianwen/E3SM_output/E3SM_coupled_restart_20TR_Yr2000-emis_Scat.Year2000_2014/remap_180x360/k03-E3SM_coupled_20TR_hybrid_yy2000-emis_Scat.cam.h0.2002-04.nc
---remap all variables---
k03-E3SM_coupled_20TR_hybrid_yy2000-emis_Scat.cam.h0.2002-05.nc
/raid00/xianwen/E3SM_output/E3SM_coupled_restart_20TR_Yr2000-emis_Scat.Year2000_2014/remap_180x360/k03-E3SM_coupled_20TR_hybrid_yy2000-emis_Scat.cam.h0.2002-05.nc
---remap all variables---
k03-E3SM_coupled_20TR_hybrid_yy2000-emis_Scat.cam.h0.2002-06.nc
/raid00/xianwen/E3SM_output/E3SM_coupled_restart_20TR_Yr2000-emis_Scat.Year2000_2014/remap_180x360/k03-E3SM_coupled_20TR_hybrid_yy2000-emis_Scat.cam.h0.2002-06.nc
---remap all variables---
k03-E3SM_coupled_20TR_hybrid_yy2000-emis_Scat.cam.h0.2002-07.nc
/raid00/xianwen/E3SM_output/E3SM_coupled_restart_20TR_Yr2000-emis_Scat.Year2000_2014/remap_180x360/k03-E3SM_coupled_20TR_hybrid_yy2000-emis_Scat.cam.h0.2002-07.nc
---remap all variables---
k03-E3SM_coupled_20TR_hybrid_yy2000-emis_Scat.cam.h0.2002-08.nc
/raid00/xianwen/E3SM_output/E3SM_coupled_restart_20TR_Yr2000-emis_Scat.Year2000_2014/remap_180x360/k03-E3SM_coupled_20TR_hybrid_yy2000-emis_Scat.cam.h0.2002-08.nc
---remap all variables---
k03-E3SM_coupled_20TR_hybrid_yy2000-emis_Scat.cam.h0.2002-09.nc
/raid00/xianwen/E3SM_output/E3SM_coupled_restart_20TR_Yr2000-emis_Scat.Year2000_2014/remap_180x360/k03-E3SM_coupled_20TR_hybrid_yy2000-emis_Scat.cam.h0.2002-09.nc
---remap all variables---
k03-E3SM_coupled_20TR_hybrid_yy2000-emis_Scat.cam.h0.2002-10.nc
/raid00/xianwen/E3SM_output/E3SM_coupled_restart_20TR_Yr2000-emis_Scat.Year2000_2014/remap_180x360/k03-E3SM_coupled_20TR_hybrid_yy2000-emis_Scat.cam.h0.2002-10.nc
---remap all variables---
k03-E3SM_coupled_20TR_hybrid_yy2000-emis_Scat.cam.h0.2002-11.nc
/raid00/xianwen/E3SM_output/E3SM_coupled_restart_20TR_Yr2000-emis_Scat.Year2000_2014/remap_180x360/k03-E3SM_coupled_20TR_hybrid_yy2000-emis_Scat.cam.h0.2002-11.nc
---remap all variables---
k03-E3SM_coupled_20TR_hybrid_yy2000-emis_Scat.cam.h0.2002-12.nc
/raid00/xianwen/E3SM_output/E3SM_coupled_restart_20TR_Yr2000-emis_Scat.Year2000_2014/remap_180x360/k03-E3SM_coupled_20TR_hybrid_yy2000-emis_Scat.cam.h0.2002-12.nc
---remap all variables---
k03-E3SM_coupled_20TR_hybrid_yy2000-emis_Scat.cam.h0.2003-01.nc
/raid00/xianwen/E3SM_output/E3SM_coupled_restart_20TR_Yr2000-emis_Scat.Year2000_2014/remap_180x360/k03-E3SM_coupled_20TR_hybrid_yy2000-emis_Scat.cam.h0.2003-01.nc
---remap all variables---
k03-E3SM_coupled_20TR_hybrid_yy2000-emis_Scat.cam.h0.2003-02.nc
/raid00/xianwen/E3SM_output/E3SM_coupled_restart_20TR_Yr2000-emis_Scat.Year2000_2014/remap_180x360/k03-E3SM_coupled_20TR_hybrid_yy2000-emis_Scat.cam.h0.2003-02.nc
---remap all variables---
k03-E3SM_coupled_20TR_hybrid_yy2000-emis_Scat.cam.h0.2003-03.nc
/raid00/xianwen/E3SM_output/E3SM_coupled_restart_20TR_Yr2000-emis_Scat.Year2000_2014/remap_180x360/k03-E3SM_coupled_20TR_hybrid_yy2000-emis_Scat.cam.h0.2003-03.nc
---remap all variables---
k03-E3SM_coupled_20TR_hybrid_yy2000-emis_Scat.cam.h0.2003-04.nc
/raid00/xianwen/E3SM_output/E3SM_coupled_restart_20TR_Yr2000-emis_Scat.Year2000_2014/remap_180x360/k03-E3SM_coupled_20TR_hybrid_yy2000-emis_Scat.cam.h0.2003-04.nc
---remap all variables---
k03-E3SM_coupled_20TR_hybrid_yy2000-emis_Scat.cam.h0.2003-05.nc
/raid00/xianwen/E3SM_output/E3SM_coupled_restart_20TR_Yr2000-emis_Scat.Year2000_2014/remap_180x360/k03-E3SM_coupled_20TR_hybrid_yy2000-emis_Scat.cam.h0.2003-05.nc
---remap all variables---
k03-E3SM_coupled_20TR_hybrid_yy2000-emis_Scat.cam.h0.2003-06.nc
/raid00/xianwen/E3SM_output/E3SM_coupled_restart_20TR_Yr2000-emis_Scat.Year2000_2014/remap_180x360/k03-E3SM_coupled_20TR_hybrid_yy2000-emis_Scat.cam.h0.2003-06.nc
---remap all variables---
k03-E3SM_coupled_20TR_hybrid_yy2000-emis_Scat.cam.h0.2003-07.nc
/raid00/xianwen/E3SM_output/E3SM_coupled_restart_20TR_Yr2000-emis_Scat.Year2000_2014/remap_180x360/k03-E3SM_coupled_20TR_hybrid_yy2000-emis_Scat.cam.h0.2003-07.nc
---remap all variables---
k03-E3SM_coupled_20TR_hybrid_yy2000-emis_Scat.cam.h0.2003-08.nc
/raid00/xianwen/E3SM_output/E3SM_coupled_restart_20TR_Yr2000-emis_Scat.Year2000_2014/remap_180x360/k03-E3SM_coupled_20TR_hybrid_yy2000-emis_Scat.cam.h0.2003-08.nc
---remap all variables---
k03-E3SM_coupled_20TR_hybrid_yy2000-emis_Scat.cam.h0.2003-09.nc
/raid00/xianwen/E3SM_output/E3SM_coupled_restart_20TR_Yr2000-emis_Scat.Year2000_2014/remap_180x360/k03-E3SM_coupled_20TR_hybrid_yy2000-emis_Scat.cam.h0.2003-09.nc
---remap all variables---
k03-E3SM_coupled_20TR_hybrid_yy2000-emis_Scat.cam.h0.2003-10.nc
/raid00/xianwen/E3SM_output/E3SM_coupled_restart_20TR_Yr2000-emis_Scat.Year2000_2014/remap_180x360/k03-E3SM_coupled_20TR_hybrid_yy2000-emis_Scat.cam.h0.2003-10.nc
---remap all variables---
k03-E3SM_coupled_20TR_hybrid_yy2000-emis_Scat.cam.h0.2003-11.nc
/raid00/xianwen/E3SM_output/E3SM_coupled_restart_20TR_Yr2000-emis_Scat.Year2000_2014/remap_180x360/k03-E3SM_coupled_20TR_hybrid_yy2000-emis_Scat.cam.h0.2003-11.nc
---remap all variables---
k03-E3SM_coupled_20TR_hybrid_yy2000-emis_Scat.cam.h0.2003-12.nc
/raid00/xianwen/E3SM_output/E3SM_coupled_restart_20TR_Yr2000-emis_Scat.Year2000_2014/remap_180x360/k03-E3SM_coupled_20TR_hybrid_yy2000-emis_Scat.cam.h0.2003-12.nc
---remap all variables---
k03-E3SM_coupled_20TR_hybrid_yy2000-emis_Scat.cam.h0.2004-01.nc
/raid00/xianwen/E3SM_output/E3SM_coupled_restart_20TR_Yr2000-emis_Scat.Year2000_2014/remap_180x360/k03-E3SM_coupled_20TR_hybrid_yy2000-emis_Scat.cam.h0.2004-01.nc
---remap all variables---
k03-E3SM_coupled_20TR_hybrid_yy2000-emis_Scat.cam.h0.2004-02.nc
/raid00/xianwen/E3SM_output/E3SM_coupled_restart_20TR_Yr2000-emis_Scat.Year2000_2014/remap_180x360/k03-E3SM_coupled_20TR_hybrid_yy2000-emis_Scat.cam.h0.2004-02.nc
---remap all variables---
k03-E3SM_coupled_20TR_hybrid_yy2000-emis_Scat.cam.h0.2004-03.nc
/raid00/xianwen/E3SM_output/E3SM_coupled_restart_20TR_Yr2000-emis_Scat.Year2000_2014/remap_180x360/k03-E3SM_coupled_20TR_hybrid_yy2000-emis_Scat.cam.h0.2004-03.nc
---remap all variables---
k03-E3SM_coupled_20TR_hybrid_yy2000-emis_Scat.cam.h0.2004-04.nc
/raid00/xianwen/E3SM_output/E3SM_coupled_restart_20TR_Yr2000-emis_Scat.Year2000_2014/remap_180x360/k03-E3SM_coupled_20TR_hybrid_yy2000-emis_Scat.cam.h0.2004-04.nc
---remap all variables---
k03-E3SM_coupled_20TR_hybrid_yy2000-emis_Scat.cam.h0.2004-05.nc
/raid00/xianwen/E3SM_output/E3SM_coupled_restart_20TR_Yr2000-emis_Scat.Year2000_2014/remap_180x360/k03-E3SM_coupled_20TR_hybrid_yy2000-emis_Scat.cam.h0.2004-05.nc
---remap all variables---
k03-E3SM_coupled_20TR_hybrid_yy2000-emis_Scat.cam.h0.2004-06.nc
/raid00/xianwen/E3SM_output/E3SM_coupled_restart_20TR_Yr2000-emis_Scat.Year2000_2014/remap_180x360/k03-E3SM_coupled_20TR_hybrid_yy2000-emis_Scat.cam.h0.2004-06.nc
---remap all variables---
k03-E3SM_coupled_20TR_hybrid_yy2000-emis_Scat.cam.h0.2004-07.nc
/raid00/xianwen/E3SM_output/E3SM_coupled_restart_20TR_Yr2000-emis_Scat.Year2000_2014/remap_180x360/k03-E3SM_coupled_20TR_hybrid_yy2000-emis_Scat.cam.h0.2004-07.nc
---remap all variables---
k03-E3SM_coupled_20TR_hybrid_yy2000-emis_Scat.cam.h0.2004-08.nc
/raid00/xianwen/E3SM_output/E3SM_coupled_restart_20TR_Yr2000-emis_Scat.Year2000_2014/remap_180x360/k03-E3SM_coupled_20TR_hybrid_yy2000-emis_Scat.cam.h0.2004-08.nc
---remap all variables---
k03-E3SM_coupled_20TR_hybrid_yy2000-emis_Scat.cam.h0.2004-09.nc
/raid00/xianwen/E3SM_output/E3SM_coupled_restart_20TR_Yr2000-emis_Scat.Year2000_2014/remap_180x360/k03-E3SM_coupled_20TR_hybrid_yy2000-emis_Scat.cam.h0.2004-09.nc
---remap all variables---
k03-E3SM_coupled_20TR_hybrid_yy2000-emis_Scat.cam.h0.2004-10.nc
/raid00/xianwen/E3SM_output/E3SM_coupled_restart_20TR_Yr2000-emis_Scat.Year2000_2014/remap_180x360/k03-E3SM_coupled_20TR_hybrid_yy2000-emis_Scat.cam.h0.2004-10.nc
---remap all variables---
k03-E3SM_coupled_20TR_hybrid_yy2000-emis_Scat.cam.h0.2004-11.nc
/raid00/xianwen/E3SM_output/E3SM_coupled_restart_20TR_Yr2000-emis_Scat.Year2000_2014/remap_180x360/k03-E3SM_coupled_20TR_hybrid_yy2000-emis_Scat.cam.h0.2004-11.nc
---remap all variables---
k03-E3SM_coupled_20TR_hybrid_yy2000-emis_Scat.cam.h0.2004-12.nc
/raid00/xianwen/E3SM_output/E3SM_coupled_restart_20TR_Yr2000-emis_Scat.Year2000_2014/remap_180x360/k03-E3SM_coupled_20TR_hybrid_yy2000-emis_Scat.cam.h0.2004-12.nc
---remap all variables---
k03-E3SM_coupled_20TR_hybrid_yy2000-emis_Scat.cam.h0.2005-01.nc
/raid00/xianwen/E3SM_output/E3SM_coupled_restart_20TR_Yr2000-emis_Scat.Year2000_2014/remap_180x360/k03-E3SM_coupled_20TR_hybrid_yy2000-emis_Scat.cam.h0.2005-01.nc
---remap all variables---
k03-E3SM_coupled_20TR_hybrid_yy2000-emis_Scat.cam.h0.2005-02.nc
/raid00/xianwen/E3SM_output/E3SM_coupled_restart_20TR_Yr2000-emis_Scat.Year2000_2014/remap_180x360/k03-E3SM_coupled_20TR_hybrid_yy2000-emis_Scat.cam.h0.2005-02.nc
---remap all variables---
k03-E3SM_coupled_20TR_hybrid_yy2000-emis_Scat.cam.h0.2005-03.nc
/raid00/xianwen/E3SM_output/E3SM_coupled_restart_20TR_Yr2000-emis_Scat.Year2000_2014/remap_180x360/k03-E3SM_coupled_20TR_hybrid_yy2000-emis_Scat.cam.h0.2005-03.nc
---remap all variables---
k03-E3SM_coupled_20TR_hybrid_yy2000-emis_Scat.cam.h0.2005-04.nc
/raid00/xianwen/E3SM_output/E3SM_coupled_restart_20TR_Yr2000-emis_Scat.Year2000_2014/remap_180x360/k03-E3SM_coupled_20TR_hybrid_yy2000-emis_Scat.cam.h0.2005-04.nc
---remap all variables---
k03-E3SM_coupled_20TR_hybrid_yy2000-emis_Scat.cam.h0.2005-05.nc
/raid00/xianwen/E3SM_output/E3SM_coupled_restart_20TR_Yr2000-emis_Scat.Year2000_2014/remap_180x360/k03-E3SM_coupled_20TR_hybrid_yy2000-emis_Scat.cam.h0.2005-05.nc
---remap all variables---
k03-E3SM_coupled_20TR_hybrid_yy2000-emis_Scat.cam.h0.2005-06.nc
/raid00/xianwen/E3SM_output/E3SM_coupled_restart_20TR_Yr2000-emis_Scat.Year2000_2014/remap_180x360/k03-E3SM_coupled_20TR_hybrid_yy2000-emis_Scat.cam.h0.2005-06.nc
---remap all variables---
k03-E3SM_coupled_20TR_hybrid_yy2000-emis_Scat.cam.h0.2005-07.nc
/raid00/xianwen/E3SM_output/E3SM_coupled_restart_20TR_Yr2000-emis_Scat.Year2000_2014/remap_180x360/k03-E3SM_coupled_20TR_hybrid_yy2000-emis_Scat.cam.h0.2005-07.nc
---remap all variables---
k03-E3SM_coupled_20TR_hybrid_yy2000-emis_Scat.cam.h0.2005-08.nc
/raid00/xianwen/E3SM_output/E3SM_coupled_restart_20TR_Yr2000-emis_Scat.Year2000_2014/remap_180x360/k03-E3SM_coupled_20TR_hybrid_yy2000-emis_Scat.cam.h0.2005-08.nc
---remap all variables---
k03-E3SM_coupled_20TR_hybrid_yy2000-emis_Scat.cam.h0.2005-09.nc
/raid00/xianwen/E3SM_output/E3SM_coupled_restart_20TR_Yr2000-emis_Scat.Year2000_2014/remap_180x360/k03-E3SM_coupled_20TR_hybrid_yy2000-emis_Scat.cam.h0.2005-09.nc
---remap all variables---
k03-E3SM_coupled_20TR_hybrid_yy2000-emis_Scat.cam.h0.2005-10.nc
/raid00/xianwen/E3SM_output/E3SM_coupled_restart_20TR_Yr2000-emis_Scat.Year2000_2014/remap_180x360/k03-E3SM_coupled_20TR_hybrid_yy2000-emis_Scat.cam.h0.2005-10.nc
---remap all variables---
k03-E3SM_coupled_20TR_hybrid_yy2000-emis_Scat.cam.h0.2005-11.nc
/raid00/xianwen/E3SM_output/E3SM_coupled_restart_20TR_Yr2000-emis_Scat.Year2000_2014/remap_180x360/k03-E3SM_coupled_20TR_hybrid_yy2000-emis_Scat.cam.h0.2005-11.nc
---remap all variables---
k03-E3SM_coupled_20TR_hybrid_yy2000-emis_Scat.cam.h0.2005-12.nc
/raid00/xianwen/E3SM_output/E3SM_coupled_restart_20TR_Yr2000-emis_Scat.Year2000_2014/remap_180x360/k03-E3SM_coupled_20TR_hybrid_yy2000-emis_Scat.cam.h0.2005-12.nc
---remap all variables---
k03-E3SM_coupled_20TR_hybrid_yy2000-emis_Scat.cam.h0.2006-01.nc
/raid00/xianwen/E3SM_output/E3SM_coupled_restart_20TR_Yr2000-emis_Scat.Year2000_2014/remap_180x360/k03-E3SM_coupled_20TR_hybrid_yy2000-emis_Scat.cam.h0.2006-01.nc
---remap all variables---
k03-E3SM_coupled_20TR_hybrid_yy2000-emis_Scat.cam.h0.2006-02.nc
/raid00/xianwen/E3SM_output/E3SM_coupled_restart_20TR_Yr2000-emis_Scat.Year2000_2014/remap_180x360/k03-E3SM_coupled_20TR_hybrid_yy2000-emis_Scat.cam.h0.2006-02.nc
---remap all variables---
k03-E3SM_coupled_20TR_hybrid_yy2000-emis_Scat.cam.h0.2006-03.nc
/raid00/xianwen/E3SM_output/E3SM_coupled_restart_20TR_Yr2000-emis_Scat.Year2000_2014/remap_180x360/k03-E3SM_coupled_20TR_hybrid_yy2000-emis_Scat.cam.h0.2006-03.nc
---remap all variables---
k03-E3SM_coupled_20TR_hybrid_yy2000-emis_Scat.cam.h0.2006-04.nc
/raid00/xianwen/E3SM_output/E3SM_coupled_restart_20TR_Yr2000-emis_Scat.Year2000_2014/remap_180x360/k03-E3SM_coupled_20TR_hybrid_yy2000-emis_Scat.cam.h0.2006-04.nc
---remap all variables---
k03-E3SM_coupled_20TR_hybrid_yy2000-emis_Scat.cam.h0.2006-05.nc
/raid00/xianwen/E3SM_output/E3SM_coupled_restart_20TR_Yr2000-emis_Scat.Year2000_2014/remap_180x360/k03-E3SM_coupled_20TR_hybrid_yy2000-emis_Scat.cam.h0.2006-05.nc
---remap all variables---
k03-E3SM_coupled_20TR_hybrid_yy2000-emis_Scat.cam.h0.2006-06.nc
/raid00/xianwen/E3SM_output/E3SM_coupled_restart_20TR_Yr2000-emis_Scat.Year2000_2014/remap_180x360/k03-E3SM_coupled_20TR_hybrid_yy2000-emis_Scat.cam.h0.2006-06.nc
---remap all variables---
k03-E3SM_coupled_20TR_hybrid_yy2000-emis_Scat.cam.h0.2006-07.nc
/raid00/xianwen/E3SM_output/E3SM_coupled_restart_20TR_Yr2000-emis_Scat.Year2000_2014/remap_180x360/k03-E3SM_coupled_20TR_hybrid_yy2000-emis_Scat.cam.h0.2006-07.nc
---remap all variables---
k03-E3SM_coupled_20TR_hybrid_yy2000-emis_Scat.cam.h0.2006-08.nc
/raid00/xianwen/E3SM_output/E3SM_coupled_restart_20TR_Yr2000-emis_Scat.Year2000_2014/remap_180x360/k03-E3SM_coupled_20TR_hybrid_yy2000-emis_Scat.cam.h0.2006-08.nc
---remap all variables---
k03-E3SM_coupled_20TR_hybrid_yy2000-emis_Scat.cam.h0.2006-09.nc
/raid00/xianwen/E3SM_output/E3SM_coupled_restart_20TR_Yr2000-emis_Scat.Year2000_2014/remap_180x360/k03-E3SM_coupled_20TR_hybrid_yy2000-emis_Scat.cam.h0.2006-09.nc
---remap all variables---
k03-E3SM_coupled_20TR_hybrid_yy2000-emis_Scat.cam.h0.2006-10.nc
/raid00/xianwen/E3SM_output/E3SM_coupled_restart_20TR_Yr2000-emis_Scat.Year2000_2014/remap_180x360/k03-E3SM_coupled_20TR_hybrid_yy2000-emis_Scat.cam.h0.2006-10.nc
---remap all variables---
k03-E3SM_coupled_20TR_hybrid_yy2000-emis_Scat.cam.h0.2006-11.nc
/raid00/xianwen/E3SM_output/E3SM_coupled_restart_20TR_Yr2000-emis_Scat.Year2000_2014/remap_180x360/k03-E3SM_coupled_20TR_hybrid_yy2000-emis_Scat.cam.h0.2006-11.nc
---remap all variables---
k03-E3SM_coupled_20TR_hybrid_yy2000-emis_Scat.cam.h0.2006-12.nc
/raid00/xianwen/E3SM_output/E3SM_coupled_restart_20TR_Yr2000-emis_Scat.Year2000_2014/remap_180x360/k03-E3SM_coupled_20TR_hybrid_yy2000-emis_Scat.cam.h0.2006-12.nc
---remap all variables---
k03-E3SM_coupled_20TR_hybrid_yy2000-emis_Scat.cam.h0.2007-01.nc
/raid00/xianwen/E3SM_output/E3SM_coupled_restart_20TR_Yr2000-emis_Scat.Year2000_2014/remap_180x360/k03-E3SM_coupled_20TR_hybrid_yy2000-emis_Scat.cam.h0.2007-01.nc
---remap all variables---
k03-E3SM_coupled_20TR_hybrid_yy2000-emis_Scat.cam.h0.2007-02.nc
/raid00/xianwen/E3SM_output/E3SM_coupled_restart_20TR_Yr2000-emis_Scat.Year2000_2014/remap_180x360/k03-E3SM_coupled_20TR_hybrid_yy2000-emis_Scat.cam.h0.2007-02.nc
---remap all variables---
k03-E3SM_coupled_20TR_hybrid_yy2000-emis_Scat.cam.h0.2007-03.nc
/raid00/xianwen/E3SM_output/E3SM_coupled_restart_20TR_Yr2000-emis_Scat.Year2000_2014/remap_180x360/k03-E3SM_coupled_20TR_hybrid_yy2000-emis_Scat.cam.h0.2007-03.nc
---remap all variables---
k03-E3SM_coupled_20TR_hybrid_yy2000-emis_Scat.cam.h0.2007-04.nc
/raid00/xianwen/E3SM_output/E3SM_coupled_restart_20TR_Yr2000-emis_Scat.Year2000_2014/remap_180x360/k03-E3SM_coupled_20TR_hybrid_yy2000-emis_Scat.cam.h0.2007-04.nc
---remap all variables---
k03-E3SM_coupled_20TR_hybrid_yy2000-emis_Scat.cam.h0.2007-05.nc
/raid00/xianwen/E3SM_output/E3SM_coupled_restart_20TR_Yr2000-emis_Scat.Year2000_2014/remap_180x360/k03-E3SM_coupled_20TR_hybrid_yy2000-emis_Scat.cam.h0.2007-05.nc
---remap all variables---
k03-E3SM_coupled_20TR_hybrid_yy2000-emis_Scat.cam.h0.2007-06.nc
/raid00/xianwen/E3SM_output/E3SM_coupled_restart_20TR_Yr2000-emis_Scat.Year2000_2014/remap_180x360/k03-E3SM_coupled_20TR_hybrid_yy2000-emis_Scat.cam.h0.2007-06.nc
---remap all variables---
k03-E3SM_coupled_20TR_hybrid_yy2000-emis_Scat.cam.h0.2007-07.nc
/raid00/xianwen/E3SM_output/E3SM_coupled_restart_20TR_Yr2000-emis_Scat.Year2000_2014/remap_180x360/k03-E3SM_coupled_20TR_hybrid_yy2000-emis_Scat.cam.h0.2007-07.nc
---remap all variables---
k03-E3SM_coupled_20TR_hybrid_yy2000-emis_Scat.cam.h0.2007-08.nc
/raid00/xianwen/E3SM_output/E3SM_coupled_restart_20TR_Yr2000-emis_Scat.Year2000_2014/remap_180x360/k03-E3SM_coupled_20TR_hybrid_yy2000-emis_Scat.cam.h0.2007-08.nc
---remap all variables---
k03-E3SM_coupled_20TR_hybrid_yy2000-emis_Scat.cam.h0.2007-09.nc
/raid00/xianwen/E3SM_output/E3SM_coupled_restart_20TR_Yr2000-emis_Scat.Year2000_2014/remap_180x360/k03-E3SM_coupled_20TR_hybrid_yy2000-emis_Scat.cam.h0.2007-09.nc
---remap all variables---
k03-E3SM_coupled_20TR_hybrid_yy2000-emis_Scat.cam.h0.2007-10.nc
/raid00/xianwen/E3SM_output/E3SM_coupled_restart_20TR_Yr2000-emis_Scat.Year2000_2014/remap_180x360/k03-E3SM_coupled_20TR_hybrid_yy2000-emis_Scat.cam.h0.2007-10.nc
---remap all variables---
k03-E3SM_coupled_20TR_hybrid_yy2000-emis_Scat.cam.h0.2007-11.nc
/raid00/xianwen/E3SM_output/E3SM_coupled_restart_20TR_Yr2000-emis_Scat.Year2000_2014/remap_180x360/k03-E3SM_coupled_20TR_hybrid_yy2000-emis_Scat.cam.h0.2007-11.nc
---remap all variables---
k03-E3SM_coupled_20TR_hybrid_yy2000-emis_Scat.cam.h0.2007-12.nc
/raid00/xianwen/E3SM_output/E3SM_coupled_restart_20TR_Yr2000-emis_Scat.Year2000_2014/remap_180x360/k03-E3SM_coupled_20TR_hybrid_yy2000-emis_Scat.cam.h0.2007-12.nc
---remap all variables---
k03-E3SM_coupled_20TR_hybrid_yy2000-emis_Scat.cam.h0.2008-01.nc
/raid00/xianwen/E3SM_output/E3SM_coupled_restart_20TR_Yr2000-emis_Scat.Year2000_2014/remap_180x360/k03-E3SM_coupled_20TR_hybrid_yy2000-emis_Scat.cam.h0.2008-01.nc
---remap all variables---
k03-E3SM_coupled_20TR_hybrid_yy2000-emis_Scat.cam.h0.2008-02.nc
/raid00/xianwen/E3SM_output/E3SM_coupled_restart_20TR_Yr2000-emis_Scat.Year2000_2014/remap_180x360/k03-E3SM_coupled_20TR_hybrid_yy2000-emis_Scat.cam.h0.2008-02.nc
---remap all variables---
k03-E3SM_coupled_20TR_hybrid_yy2000-emis_Scat.cam.h0.2008-03.nc
/raid00/xianwen/E3SM_output/E3SM_coupled_restart_20TR_Yr2000-emis_Scat.Year2000_2014/remap_180x360/k03-E3SM_coupled_20TR_hybrid_yy2000-emis_Scat.cam.h0.2008-03.nc
---remap all variables---
k03-E3SM_coupled_20TR_hybrid_yy2000-emis_Scat.cam.h0.2008-04.nc
/raid00/xianwen/E3SM_output/E3SM_coupled_restart_20TR_Yr2000-emis_Scat.Year2000_2014/remap_180x360/k03-E3SM_coupled_20TR_hybrid_yy2000-emis_Scat.cam.h0.2008-04.nc
---remap all variables---
k03-E3SM_coupled_20TR_hybrid_yy2000-emis_Scat.cam.h0.2008-05.nc
/raid00/xianwen/E3SM_output/E3SM_coupled_restart_20TR_Yr2000-emis_Scat.Year2000_2014/remap_180x360/k03-E3SM_coupled_20TR_hybrid_yy2000-emis_Scat.cam.h0.2008-05.nc
---remap all variables---
k03-E3SM_coupled_20TR_hybrid_yy2000-emis_Scat.cam.h0.2008-06.nc
/raid00/xianwen/E3SM_output/E3SM_coupled_restart_20TR_Yr2000-emis_Scat.Year2000_2014/remap_180x360/k03-E3SM_coupled_20TR_hybrid_yy2000-emis_Scat.cam.h0.2008-06.nc
---remap all variables---
k03-E3SM_coupled_20TR_hybrid_yy2000-emis_Scat.cam.h0.2008-07.nc
/raid00/xianwen/E3SM_output/E3SM_coupled_restart_20TR_Yr2000-emis_Scat.Year2000_2014/remap_180x360/k03-E3SM_coupled_20TR_hybrid_yy2000-emis_Scat.cam.h0.2008-07.nc
---remap all variables---
k03-E3SM_coupled_20TR_hybrid_yy2000-emis_Scat.cam.h0.2008-08.nc
/raid00/xianwen/E3SM_output/E3SM_coupled_restart_20TR_Yr2000-emis_Scat.Year2000_2014/remap_180x360/k03-E3SM_coupled_20TR_hybrid_yy2000-emis_Scat.cam.h0.2008-08.nc
---remap all variables---
k03-E3SM_coupled_20TR_hybrid_yy2000-emis_Scat.cam.h0.2008-09.nc
/raid00/xianwen/E3SM_output/E3SM_coupled_restart_20TR_Yr2000-emis_Scat.Year2000_2014/remap_180x360/k03-E3SM_coupled_20TR_hybrid_yy2000-emis_Scat.cam.h0.2008-09.nc
---remap all variables---
k03-E3SM_coupled_20TR_hybrid_yy2000-emis_Scat.cam.h0.2008-10.nc
/raid00/xianwen/E3SM_output/E3SM_coupled_restart_20TR_Yr2000-emis_Scat.Year2000_2014/remap_180x360/k03-E3SM_coupled_20TR_hybrid_yy2000-emis_Scat.cam.h0.2008-10.nc
---remap all variables---
k03-E3SM_coupled_20TR_hybrid_yy2000-emis_Scat.cam.h0.2008-11.nc
/raid00/xianwen/E3SM_output/E3SM_coupled_restart_20TR_Yr2000-emis_Scat.Year2000_2014/remap_180x360/k03-E3SM_coupled_20TR_hybrid_yy2000-emis_Scat.cam.h0.2008-11.nc
---remap all variables---
k03-E3SM_coupled_20TR_hybrid_yy2000-emis_Scat.cam.h0.2008-12.nc
/raid00/xianwen/E3SM_output/E3SM_coupled_restart_20TR_Yr2000-emis_Scat.Year2000_2014/remap_180x360/k03-E3SM_coupled_20TR_hybrid_yy2000-emis_Scat.cam.h0.2008-12.nc
---remap all variables---
k03-E3SM_coupled_20TR_hybrid_yy2000-emis_Scat.cam.h0.2009-01.nc
/raid00/xianwen/E3SM_output/E3SM_coupled_restart_20TR_Yr2000-emis_Scat.Year2000_2014/remap_180x360/k03-E3SM_coupled_20TR_hybrid_yy2000-emis_Scat.cam.h0.2009-01.nc
---remap all variables---
k03-E3SM_coupled_20TR_hybrid_yy2000-emis_Scat.cam.h0.2009-02.nc
/raid00/xianwen/E3SM_output/E3SM_coupled_restart_20TR_Yr2000-emis_Scat.Year2000_2014/remap_180x360/k03-E3SM_coupled_20TR_hybrid_yy2000-emis_Scat.cam.h0.2009-02.nc
---remap all variables---
k03-E3SM_coupled_20TR_hybrid_yy2000-emis_Scat.cam.h0.2009-03.nc
/raid00/xianwen/E3SM_output/E3SM_coupled_restart_20TR_Yr2000-emis_Scat.Year2000_2014/remap_180x360/k03-E3SM_coupled_20TR_hybrid_yy2000-emis_Scat.cam.h0.2009-03.nc
---remap all variables---
k03-E3SM_coupled_20TR_hybrid_yy2000-emis_Scat.cam.h0.2009-04.nc
/raid00/xianwen/E3SM_output/E3SM_coupled_restart_20TR_Yr2000-emis_Scat.Year2000_2014/remap_180x360/k03-E3SM_coupled_20TR_hybrid_yy2000-emis_Scat.cam.h0.2009-04.nc
---remap all variables---
k03-E3SM_coupled_20TR_hybrid_yy2000-emis_Scat.cam.h0.2009-05.nc
/raid00/xianwen/E3SM_output/E3SM_coupled_restart_20TR_Yr2000-emis_Scat.Year2000_2014/remap_180x360/k03-E3SM_coupled_20TR_hybrid_yy2000-emis_Scat.cam.h0.2009-05.nc
---remap all variables---
k03-E3SM_coupled_20TR_hybrid_yy2000-emis_Scat.cam.h0.2009-06.nc
/raid00/xianwen/E3SM_output/E3SM_coupled_restart_20TR_Yr2000-emis_Scat.Year2000_2014/remap_180x360/k03-E3SM_coupled_20TR_hybrid_yy2000-emis_Scat.cam.h0.2009-06.nc
---remap all variables---
k03-E3SM_coupled_20TR_hybrid_yy2000-emis_Scat.cam.h0.2009-07.nc
/raid00/xianwen/E3SM_output/E3SM_coupled_restart_20TR_Yr2000-emis_Scat.Year2000_2014/remap_180x360/k03-E3SM_coupled_20TR_hybrid_yy2000-emis_Scat.cam.h0.2009-07.nc
---remap all variables---
k03-E3SM_coupled_20TR_hybrid_yy2000-emis_Scat.cam.h0.2009-08.nc
/raid00/xianwen/E3SM_output/E3SM_coupled_restart_20TR_Yr2000-emis_Scat.Year2000_2014/remap_180x360/k03-E3SM_coupled_20TR_hybrid_yy2000-emis_Scat.cam.h0.2009-08.nc
---remap all variables---
k03-E3SM_coupled_20TR_hybrid_yy2000-emis_Scat.cam.h0.2009-09.nc
/raid00/xianwen/E3SM_output/E3SM_coupled_restart_20TR_Yr2000-emis_Scat.Year2000_2014/remap_180x360/k03-E3SM_coupled_20TR_hybrid_yy2000-emis_Scat.cam.h0.2009-09.nc
---remap all variables---
k03-E3SM_coupled_20TR_hybrid_yy2000-emis_Scat.cam.h0.2009-10.nc
/raid00/xianwen/E3SM_output/E3SM_coupled_restart_20TR_Yr2000-emis_Scat.Year2000_2014/remap_180x360/k03-E3SM_coupled_20TR_hybrid_yy2000-emis_Scat.cam.h0.2009-10.nc
---remap all variables---
k03-E3SM_coupled_20TR_hybrid_yy2000-emis_Scat.cam.h0.2009-11.nc
/raid00/xianwen/E3SM_output/E3SM_coupled_restart_20TR_Yr2000-emis_Scat.Year2000_2014/remap_180x360/k03-E3SM_coupled_20TR_hybrid_yy2000-emis_Scat.cam.h0.2009-11.nc
---remap all variables---
k03-E3SM_coupled_20TR_hybrid_yy2000-emis_Scat.cam.h0.2009-12.nc
/raid00/xianwen/E3SM_output/E3SM_coupled_restart_20TR_Yr2000-emis_Scat.Year2000_2014/remap_180x360/k03-E3SM_coupled_20TR_hybrid_yy2000-emis_Scat.cam.h0.2009-12.nc
---remap all variables---
k03-E3SM_coupled_20TR_hybrid_yy2000-emis_Scat.cam.h0.2010-01.nc
/raid00/xianwen/E3SM_output/E3SM_coupled_restart_20TR_Yr2000-emis_Scat.Year2000_2014/remap_180x360/k03-E3SM_coupled_20TR_hybrid_yy2000-emis_Scat.cam.h0.2010-01.nc
---remap all variables---
k03-E3SM_coupled_20TR_hybrid_yy2000-emis_Scat.cam.h0.2010-02.nc
/raid00/xianwen/E3SM_output/E3SM_coupled_restart_20TR_Yr2000-emis_Scat.Year2000_2014/remap_180x360/k03-E3SM_coupled_20TR_hybrid_yy2000-emis_Scat.cam.h0.2010-02.nc
---remap all variables---
k03-E3SM_coupled_20TR_hybrid_yy2000-emis_Scat.cam.h0.2010-03.nc
/raid00/xianwen/E3SM_output/E3SM_coupled_restart_20TR_Yr2000-emis_Scat.Year2000_2014/remap_180x360/k03-E3SM_coupled_20TR_hybrid_yy2000-emis_Scat.cam.h0.2010-03.nc
---remap all variables---
k03-E3SM_coupled_20TR_hybrid_yy2000-emis_Scat.cam.h0.2010-04.nc
/raid00/xianwen/E3SM_output/E3SM_coupled_restart_20TR_Yr2000-emis_Scat.Year2000_2014/remap_180x360/k03-E3SM_coupled_20TR_hybrid_yy2000-emis_Scat.cam.h0.2010-04.nc
---remap all variables---
k03-E3SM_coupled_20TR_hybrid_yy2000-emis_Scat.cam.h0.2010-05.nc
/raid00/xianwen/E3SM_output/E3SM_coupled_restart_20TR_Yr2000-emis_Scat.Year2000_2014/remap_180x360/k03-E3SM_coupled_20TR_hybrid_yy2000-emis_Scat.cam.h0.2010-05.nc
---remap all variables---
k03-E3SM_coupled_20TR_hybrid_yy2000-emis_Scat.cam.h0.2010-06.nc
/raid00/xianwen/E3SM_output/E3SM_coupled_restart_20TR_Yr2000-emis_Scat.Year2000_2014/remap_180x360/k03-E3SM_coupled_20TR_hybrid_yy2000-emis_Scat.cam.h0.2010-06.nc
---remap all variables---
k03-E3SM_coupled_20TR_hybrid_yy2000-emis_Scat.cam.h0.2010-07.nc
/raid00/xianwen/E3SM_output/E3SM_coupled_restart_20TR_Yr2000-emis_Scat.Year2000_2014/remap_180x360/k03-E3SM_coupled_20TR_hybrid_yy2000-emis_Scat.cam.h0.2010-07.nc
---remap all variables---
k03-E3SM_coupled_20TR_hybrid_yy2000-emis_Scat.cam.h0.2010-08.nc
/raid00/xianwen/E3SM_output/E3SM_coupled_restart_20TR_Yr2000-emis_Scat.Year2000_2014/remap_180x360/k03-E3SM_coupled_20TR_hybrid_yy2000-emis_Scat.cam.h0.2010-08.nc
---remap all variables---
k03-E3SM_coupled_20TR_hybrid_yy2000-emis_Scat.cam.h0.2010-09.nc
/raid00/xianwen/E3SM_output/E3SM_coupled_restart_20TR_Yr2000-emis_Scat.Year2000_2014/remap_180x360/k03-E3SM_coupled_20TR_hybrid_yy2000-emis_Scat.cam.h0.2010-09.nc
---remap all variables---
k03-E3SM_coupled_20TR_hybrid_yy2000-emis_Scat.cam.h0.2010-10.nc
/raid00/xianwen/E3SM_output/E3SM_coupled_restart_20TR_Yr2000-emis_Scat.Year2000_2014/remap_180x360/k03-E3SM_coupled_20TR_hybrid_yy2000-emis_Scat.cam.h0.2010-10.nc
---remap all variables---
k03-E3SM_coupled_20TR_hybrid_yy2000-emis_Scat.cam.h0.2010-11.nc
/raid00/xianwen/E3SM_output/E3SM_coupled_restart_20TR_Yr2000-emis_Scat.Year2000_2014/remap_180x360/k03-E3SM_coupled_20TR_hybrid_yy2000-emis_Scat.cam.h0.2010-11.nc
---remap all variables---
k03-E3SM_coupled_20TR_hybrid_yy2000-emis_Scat.cam.h0.2010-12.nc
/raid00/xianwen/E3SM_output/E3SM_coupled_restart_20TR_Yr2000-emis_Scat.Year2000_2014/remap_180x360/k03-E3SM_coupled_20TR_hybrid_yy2000-emis_Scat.cam.h0.2010-12.nc
---remap all variables---
k03-E3SM_coupled_20TR_hybrid_yy2000-emis_Scat.cam.h0.2011-01.nc
/raid00/xianwen/E3SM_output/E3SM_coupled_restart_20TR_Yr2000-emis_Scat.Year2000_2014/remap_180x360/k03-E3SM_coupled_20TR_hybrid_yy2000-emis_Scat.cam.h0.2011-01.nc
---remap all variables---
k03-E3SM_coupled_20TR_hybrid_yy2000-emis_Scat.cam.h0.2011-02.nc
/raid00/xianwen/E3SM_output/E3SM_coupled_restart_20TR_Yr2000-emis_Scat.Year2000_2014/remap_180x360/k03-E3SM_coupled_20TR_hybrid_yy2000-emis_Scat.cam.h0.2011-02.nc
---remap all variables---
k03-E3SM_coupled_20TR_hybrid_yy2000-emis_Scat.cam.h0.2011-03.nc
/raid00/xianwen/E3SM_output/E3SM_coupled_restart_20TR_Yr2000-emis_Scat.Year2000_2014/remap_180x360/k03-E3SM_coupled_20TR_hybrid_yy2000-emis_Scat.cam.h0.2011-03.nc
---remap all variables---
k03-E3SM_coupled_20TR_hybrid_yy2000-emis_Scat.cam.h0.2011-04.nc
/raid00/xianwen/E3SM_output/E3SM_coupled_restart_20TR_Yr2000-emis_Scat.Year2000_2014/remap_180x360/k03-E3SM_coupled_20TR_hybrid_yy2000-emis_Scat.cam.h0.2011-04.nc
---remap all variables---
k03-E3SM_coupled_20TR_hybrid_yy2000-emis_Scat.cam.h0.2011-05.nc
/raid00/xianwen/E3SM_output/E3SM_coupled_restart_20TR_Yr2000-emis_Scat.Year2000_2014/remap_180x360/k03-E3SM_coupled_20TR_hybrid_yy2000-emis_Scat.cam.h0.2011-05.nc
---remap all variables---
k03-E3SM_coupled_20TR_hybrid_yy2000-emis_Scat.cam.h0.2011-06.nc
/raid00/xianwen/E3SM_output/E3SM_coupled_restart_20TR_Yr2000-emis_Scat.Year2000_2014/remap_180x360/k03-E3SM_coupled_20TR_hybrid_yy2000-emis_Scat.cam.h0.2011-06.nc
---remap all variables---
k03-E3SM_coupled_20TR_hybrid_yy2000-emis_Scat.cam.h0.2011-07.nc
/raid00/xianwen/E3SM_output/E3SM_coupled_restart_20TR_Yr2000-emis_Scat.Year2000_2014/remap_180x360/k03-E3SM_coupled_20TR_hybrid_yy2000-emis_Scat.cam.h0.2011-07.nc
---remap all variables---
k03-E3SM_coupled_20TR_hybrid_yy2000-emis_Scat.cam.h0.2011-08.nc
/raid00/xianwen/E3SM_output/E3SM_coupled_restart_20TR_Yr2000-emis_Scat.Year2000_2014/remap_180x360/k03-E3SM_coupled_20TR_hybrid_yy2000-emis_Scat.cam.h0.2011-08.nc
---remap all variables---
k03-E3SM_coupled_20TR_hybrid_yy2000-emis_Scat.cam.h0.2011-09.nc
/raid00/xianwen/E3SM_output/E3SM_coupled_restart_20TR_Yr2000-emis_Scat.Year2000_2014/remap_180x360/k03-E3SM_coupled_20TR_hybrid_yy2000-emis_Scat.cam.h0.2011-09.nc
---remap all variables---
k03-E3SM_coupled_20TR_hybrid_yy2000-emis_Scat.cam.h0.2011-10.nc
/raid00/xianwen/E3SM_output/E3SM_coupled_restart_20TR_Yr2000-emis_Scat.Year2000_2014/remap_180x360/k03-E3SM_coupled_20TR_hybrid_yy2000-emis_Scat.cam.h0.2011-10.nc
---remap all variables---
k03-E3SM_coupled_20TR_hybrid_yy2000-emis_Scat.cam.h0.2011-11.nc
/raid00/xianwen/E3SM_output/E3SM_coupled_restart_20TR_Yr2000-emis_Scat.Year2000_2014/remap_180x360/k03-E3SM_coupled_20TR_hybrid_yy2000-emis_Scat.cam.h0.2011-11.nc
---remap all variables---
k03-E3SM_coupled_20TR_hybrid_yy2000-emis_Scat.cam.h0.2011-12.nc
/raid00/xianwen/E3SM_output/E3SM_coupled_restart_20TR_Yr2000-emis_Scat.Year2000_2014/remap_180x360/k03-E3SM_coupled_20TR_hybrid_yy2000-emis_Scat.cam.h0.2011-12.nc
---remap all variables---
k03-E3SM_coupled_20TR_hybrid_yy2000-emis_Scat.cam.h0.2012-01.nc
/raid00/xianwen/E3SM_output/E3SM_coupled_restart_20TR_Yr2000-emis_Scat.Year2000_2014/remap_180x360/k03-E3SM_coupled_20TR_hybrid_yy2000-emis_Scat.cam.h0.2012-01.nc
---remap all variables---
k03-E3SM_coupled_20TR_hybrid_yy2000-emis_Scat.cam.h0.2012-02.nc
/raid00/xianwen/E3SM_output/E3SM_coupled_restart_20TR_Yr2000-emis_Scat.Year2000_2014/remap_180x360/k03-E3SM_coupled_20TR_hybrid_yy2000-emis_Scat.cam.h0.2012-02.nc
---remap all variables---
k03-E3SM_coupled_20TR_hybrid_yy2000-emis_Scat.cam.h0.2012-03.nc
/raid00/xianwen/E3SM_output/E3SM_coupled_restart_20TR_Yr2000-emis_Scat.Year2000_2014/remap_180x360/k03-E3SM_coupled_20TR_hybrid_yy2000-emis_Scat.cam.h0.2012-03.nc
---remap all variables---
k03-E3SM_coupled_20TR_hybrid_yy2000-emis_Scat.cam.h0.2012-04.nc
/raid00/xianwen/E3SM_output/E3SM_coupled_restart_20TR_Yr2000-emis_Scat.Year2000_2014/remap_180x360/k03-E3SM_coupled_20TR_hybrid_yy2000-emis_Scat.cam.h0.2012-04.nc
---remap all variables---
k03-E3SM_coupled_20TR_hybrid_yy2000-emis_Scat.cam.h0.2012-05.nc
/raid00/xianwen/E3SM_output/E3SM_coupled_restart_20TR_Yr2000-emis_Scat.Year2000_2014/remap_180x360/k03-E3SM_coupled_20TR_hybrid_yy2000-emis_Scat.cam.h0.2012-05.nc
---remap all variables---
k03-E3SM_coupled_20TR_hybrid_yy2000-emis_Scat.cam.h0.2012-06.nc
/raid00/xianwen/E3SM_output/E3SM_coupled_restart_20TR_Yr2000-emis_Scat.Year2000_2014/remap_180x360/k03-E3SM_coupled_20TR_hybrid_yy2000-emis_Scat.cam.h0.2012-06.nc
---remap all variables---
k03-E3SM_coupled_20TR_hybrid_yy2000-emis_Scat.cam.h0.2012-07.nc
/raid00/xianwen/E3SM_output/E3SM_coupled_restart_20TR_Yr2000-emis_Scat.Year2000_2014/remap_180x360/k03-E3SM_coupled_20TR_hybrid_yy2000-emis_Scat.cam.h0.2012-07.nc
---remap all variables---
k03-E3SM_coupled_20TR_hybrid_yy2000-emis_Scat.cam.h0.2012-08.nc
/raid00/xianwen/E3SM_output/E3SM_coupled_restart_20TR_Yr2000-emis_Scat.Year2000_2014/remap_180x360/k03-E3SM_coupled_20TR_hybrid_yy2000-emis_Scat.cam.h0.2012-08.nc
---remap all variables---
k03-E3SM_coupled_20TR_hybrid_yy2000-emis_Scat.cam.h0.2012-09.nc
/raid00/xianwen/E3SM_output/E3SM_coupled_restart_20TR_Yr2000-emis_Scat.Year2000_2014/remap_180x360/k03-E3SM_coupled_20TR_hybrid_yy2000-emis_Scat.cam.h0.2012-09.nc
---remap all variables---
k03-E3SM_coupled_20TR_hybrid_yy2000-emis_Scat.cam.h0.2012-10.nc
/raid00/xianwen/E3SM_output/E3SM_coupled_restart_20TR_Yr2000-emis_Scat.Year2000_2014/remap_180x360/k03-E3SM_coupled_20TR_hybrid_yy2000-emis_Scat.cam.h0.2012-10.nc
---remap all variables---
k03-E3SM_coupled_20TR_hybrid_yy2000-emis_Scat.cam.h0.2012-11.nc
/raid00/xianwen/E3SM_output/E3SM_coupled_restart_20TR_Yr2000-emis_Scat.Year2000_2014/remap_180x360/k03-E3SM_coupled_20TR_hybrid_yy2000-emis_Scat.cam.h0.2012-11.nc
---remap all variables---
k03-E3SM_coupled_20TR_hybrid_yy2000-emis_Scat.cam.h0.2012-12.nc
/raid00/xianwen/E3SM_output/E3SM_coupled_restart_20TR_Yr2000-emis_Scat.Year2000_2014/remap_180x360/k03-E3SM_coupled_20TR_hybrid_yy2000-emis_Scat.cam.h0.2012-12.nc
---remap all variables---
k03-E3SM_coupled_20TR_hybrid_yy2000-emis_Scat.cam.h0.2013-01.nc
/raid00/xianwen/E3SM_output/E3SM_coupled_restart_20TR_Yr2000-emis_Scat.Year2000_2014/remap_180x360/k03-E3SM_coupled_20TR_hybrid_yy2000-emis_Scat.cam.h0.2013-01.nc
---remap all variables---
k03-E3SM_coupled_20TR_hybrid_yy2000-emis_Scat.cam.h0.2013-02.nc
/raid00/xianwen/E3SM_output/E3SM_coupled_restart_20TR_Yr2000-emis_Scat.Year2000_2014/remap_180x360/k03-E3SM_coupled_20TR_hybrid_yy2000-emis_Scat.cam.h0.2013-02.nc
---remap all variables---
k03-E3SM_coupled_20TR_hybrid_yy2000-emis_Scat.cam.h0.2013-03.nc
/raid00/xianwen/E3SM_output/E3SM_coupled_restart_20TR_Yr2000-emis_Scat.Year2000_2014/remap_180x360/k03-E3SM_coupled_20TR_hybrid_yy2000-emis_Scat.cam.h0.2013-03.nc
---remap all variables---
k03-E3SM_coupled_20TR_hybrid_yy2000-emis_Scat.cam.h0.2013-04.nc
/raid00/xianwen/E3SM_output/E3SM_coupled_restart_20TR_Yr2000-emis_Scat.Year2000_2014/remap_180x360/k03-E3SM_coupled_20TR_hybrid_yy2000-emis_Scat.cam.h0.2013-04.nc
---remap all variables---
k03-E3SM_coupled_20TR_hybrid_yy2000-emis_Scat.cam.h0.2013-05.nc
/raid00/xianwen/E3SM_output/E3SM_coupled_restart_20TR_Yr2000-emis_Scat.Year2000_2014/remap_180x360/k03-E3SM_coupled_20TR_hybrid_yy2000-emis_Scat.cam.h0.2013-05.nc
---remap all variables---
k03-E3SM_coupled_20TR_hybrid_yy2000-emis_Scat.cam.h0.2013-06.nc
/raid00/xianwen/E3SM_output/E3SM_coupled_restart_20TR_Yr2000-emis_Scat.Year2000_2014/remap_180x360/k03-E3SM_coupled_20TR_hybrid_yy2000-emis_Scat.cam.h0.2013-06.nc
---remap all variables---
k03-E3SM_coupled_20TR_hybrid_yy2000-emis_Scat.cam.h0.2013-07.nc
/raid00/xianwen/E3SM_output/E3SM_coupled_restart_20TR_Yr2000-emis_Scat.Year2000_2014/remap_180x360/k03-E3SM_coupled_20TR_hybrid_yy2000-emis_Scat.cam.h0.2013-07.nc
---remap all variables---
k03-E3SM_coupled_20TR_hybrid_yy2000-emis_Scat.cam.h0.2013-08.nc
/raid00/xianwen/E3SM_output/E3SM_coupled_restart_20TR_Yr2000-emis_Scat.Year2000_2014/remap_180x360/k03-E3SM_coupled_20TR_hybrid_yy2000-emis_Scat.cam.h0.2013-08.nc
---remap all variables---
k03-E3SM_coupled_20TR_hybrid_yy2000-emis_Scat.cam.h0.2013-09.nc
/raid00/xianwen/E3SM_output/E3SM_coupled_restart_20TR_Yr2000-emis_Scat.Year2000_2014/remap_180x360/k03-E3SM_coupled_20TR_hybrid_yy2000-emis_Scat.cam.h0.2013-09.nc
---remap all variables---
k03-E3SM_coupled_20TR_hybrid_yy2000-emis_Scat.cam.h0.2013-10.nc
/raid00/xianwen/E3SM_output/E3SM_coupled_restart_20TR_Yr2000-emis_Scat.Year2000_2014/remap_180x360/k03-E3SM_coupled_20TR_hybrid_yy2000-emis_Scat.cam.h0.2013-10.nc
---remap all variables---
k03-E3SM_coupled_20TR_hybrid_yy2000-emis_Scat.cam.h0.2013-11.nc
/raid00/xianwen/E3SM_output/E3SM_coupled_restart_20TR_Yr2000-emis_Scat.Year2000_2014/remap_180x360/k03-E3SM_coupled_20TR_hybrid_yy2000-emis_Scat.cam.h0.2013-11.nc
---remap all variables---
k03-E3SM_coupled_20TR_hybrid_yy2000-emis_Scat.cam.h0.2013-12.nc
/raid00/xianwen/E3SM_output/E3SM_coupled_restart_20TR_Yr2000-emis_Scat.Year2000_2014/remap_180x360/k03-E3SM_coupled_20TR_hybrid_yy2000-emis_Scat.cam.h0.2013-12.nc
---remap all variables---
k03-E3SM_coupled_20TR_hybrid_yy2000-emis_Scat.cam.h0.2014-01.nc
/raid00/xianwen/E3SM_output/E3SM_coupled_restart_20TR_Yr2000-emis_Scat.Year2000_2014/remap_180x360/k03-E3SM_coupled_20TR_hybrid_yy2000-emis_Scat.cam.h0.2014-01.nc
---remap all variables---
k03-E3SM_coupled_20TR_hybrid_yy2000-emis_Scat.cam.h0.2014-02.nc
/raid00/xianwen/E3SM_output/E3SM_coupled_restart_20TR_Yr2000-emis_Scat.Year2000_2014/remap_180x360/k03-E3SM_coupled_20TR_hybrid_yy2000-emis_Scat.cam.h0.2014-02.nc
---remap all variables---
k03-E3SM_coupled_20TR_hybrid_yy2000-emis_Scat.cam.h0.2014-03.nc
/raid00/xianwen/E3SM_output/E3SM_coupled_restart_20TR_Yr2000-emis_Scat.Year2000_2014/remap_180x360/k03-E3SM_coupled_20TR_hybrid_yy2000-emis_Scat.cam.h0.2014-03.nc
---remap all variables---
k03-E3SM_coupled_20TR_hybrid_yy2000-emis_Scat.cam.h0.2014-04.nc
/raid00/xianwen/E3SM_output/E3SM_coupled_restart_20TR_Yr2000-emis_Scat.Year2000_2014/remap_180x360/k03-E3SM_coupled_20TR_hybrid_yy2000-emis_Scat.cam.h0.2014-04.nc
---remap all variables---
k03-E3SM_coupled_20TR_hybrid_yy2000-emis_Scat.cam.h0.2014-05.nc
/raid00/xianwen/E3SM_output/E3SM_coupled_restart_20TR_Yr2000-emis_Scat.Year2000_2014/remap_180x360/k03-E3SM_coupled_20TR_hybrid_yy2000-emis_Scat.cam.h0.2014-05.nc
---remap all variables---
k03-E3SM_coupled_20TR_hybrid_yy2000-emis_Scat.cam.h0.2014-06.nc
/raid00/xianwen/E3SM_output/E3SM_coupled_restart_20TR_Yr2000-emis_Scat.Year2000_2014/remap_180x360/k03-E3SM_coupled_20TR_hybrid_yy2000-emis_Scat.cam.h0.2014-06.nc
---remap all variables---
k03-E3SM_coupled_20TR_hybrid_yy2000-emis_Scat.cam.h0.2014-07.nc
/raid00/xianwen/E3SM_output/E3SM_coupled_restart_20TR_Yr2000-emis_Scat.Year2000_2014/remap_180x360/k03-E3SM_coupled_20TR_hybrid_yy2000-emis_Scat.cam.h0.2014-07.nc
---remap all variables---
k03-E3SM_coupled_20TR_hybrid_yy2000-emis_Scat.cam.h0.2014-08.nc
/raid00/xianwen/E3SM_output/E3SM_coupled_restart_20TR_Yr2000-emis_Scat.Year2000_2014/remap_180x360/k03-E3SM_coupled_20TR_hybrid_yy2000-emis_Scat.cam.h0.2014-08.nc
---remap all variables---
k03-E3SM_coupled_20TR_hybrid_yy2000-emis_Scat.cam.h0.2014-09.nc
/raid00/xianwen/E3SM_output/E3SM_coupled_restart_20TR_Yr2000-emis_Scat.Year2000_2014/remap_180x360/k03-E3SM_coupled_20TR_hybrid_yy2000-emis_Scat.cam.h0.2014-09.nc
---remap all variables---
k03-E3SM_coupled_20TR_hybrid_yy2000-emis_Scat.cam.h0.2014-10.nc
/raid00/xianwen/E3SM_output/E3SM_coupled_restart_20TR_Yr2000-emis_Scat.Year2000_2014/remap_180x360/k03-E3SM_coupled_20TR_hybrid_yy2000-emis_Scat.cam.h0.2014-10.nc
---remap all variables---
k03-E3SM_coupled_20TR_hybrid_yy2000-emis_Scat.cam.h0.2014-11.nc
/raid00/xianwen/E3SM_output/E3SM_coupled_restart_20TR_Yr2000-emis_Scat.Year2000_2014/remap_180x360/k03-E3SM_coupled_20TR_hybrid_yy2000-emis_Scat.cam.h0.2014-11.nc
---remap all variables---
k03-E3SM_coupled_20TR_hybrid_yy2000-emis_Scat.cam.h0.2014-12.nc
/raid00/xianwen/E3SM_output/E3SM_coupled_restart_20TR_Yr2000-emis_Scat.Year2000_2014/remap_180x360/k03-E3SM_coupled_20TR_hybrid_yy2000-emis_Scat.cam.h0.2014-12.nc
---remap all variables---
k03-E3SM_coupled_20TR_hybrid_yy2000-emis_Scat.cam.h0.2015-01.nc
/raid00/xianwen/E3SM_output/E3SM_coupled_restart_20TR_Yr2000-emis_Scat.Year2000_2014/remap_180x360/k03-E3SM_coupled_20TR_hybrid_yy2000-emis_Scat.cam.h0.2015-01.nc
---remap all variables---
k03-E3SM_coupled_20TR_hybrid_yy2000-emis_Scat.cam.h0.2015-02.nc
/raid00/xianwen/E3SM_output/E3SM_coupled_restart_20TR_Yr2000-emis_Scat.Year2000_2014/remap_180x360/k03-E3SM_coupled_20TR_hybrid_yy2000-emis_Scat.cam.h0.2015-02.nc
---remap all variables---
k03-E3SM_coupled_20TR_hybrid_yy2000-emis_Scat.cam.h0.2015-03.nc
/raid00/xianwen/E3SM_output/E3SM_coupled_restart_20TR_Yr2000-emis_Scat.Year2000_2014/remap_180x360/k03-E3SM_coupled_20TR_hybrid_yy2000-emis_Scat.cam.h0.2015-03.nc
---remap all variables---
k03-E3SM_coupled_20TR_hybrid_yy2000-emis_Scat.cam.h0.2015-04.nc
/raid00/xianwen/E3SM_output/E3SM_coupled_restart_20TR_Yr2000-emis_Scat.Year2000_2014/remap_180x360/k03-E3SM_coupled_20TR_hybrid_yy2000-emis_Scat.cam.h0.2015-04.nc
---remap all variables---
k03-E3SM_coupled_20TR_hybrid_yy2000-emis_Scat.cam.h0.2015-05.nc
/raid00/xianwen/E3SM_output/E3SM_coupled_restart_20TR_Yr2000-emis_Scat.Year2000_2014/remap_180x360/k03-E3SM_coupled_20TR_hybrid_yy2000-emis_Scat.cam.h0.2015-05.nc
---remap all variables---
k03-E3SM_coupled_20TR_hybrid_yy2000-emis_Scat.cam.h0.2015-06.nc
/raid00/xianwen/E3SM_output/E3SM_coupled_restart_20TR_Yr2000-emis_Scat.Year2000_2014/remap_180x360/k03-E3SM_coupled_20TR_hybrid_yy2000-emis_Scat.cam.h0.2015-06.nc
---remap all variables---
k03-E3SM_coupled_20TR_hybrid_yy2000-emis_Scat.cam.h0.2015-07.nc
/raid00/xianwen/E3SM_output/E3SM_coupled_restart_20TR_Yr2000-emis_Scat.Year2000_2014/remap_180x360/k03-E3SM_coupled_20TR_hybrid_yy2000-emis_Scat.cam.h0.2015-07.nc
---remap all variables---
k03-E3SM_coupled_20TR_hybrid_yy2000-emis_Scat.cam.h0.2015-08.nc
/raid00/xianwen/E3SM_output/E3SM_coupled_restart_20TR_Yr2000-emis_Scat.Year2000_2014/remap_180x360/k03-E3SM_coupled_20TR_hybrid_yy2000-emis_Scat.cam.h0.2015-08.nc
---remap all variables---
k03-E3SM_coupled_20TR_hybrid_yy2000-emis_Scat.cam.h0.2015-09.nc
/raid00/xianwen/E3SM_output/E3SM_coupled_restart_20TR_Yr2000-emis_Scat.Year2000_2014/remap_180x360/k03-E3SM_coupled_20TR_hybrid_yy2000-emis_Scat.cam.h0.2015-09.nc
---remap all variables---
k03-E3SM_coupled_20TR_hybrid_yy2000-emis_Scat.cam.h0.2015-10.nc
/raid00/xianwen/E3SM_output/E3SM_coupled_restart_20TR_Yr2000-emis_Scat.Year2000_2014/remap_180x360/k03-E3SM_coupled_20TR_hybrid_yy2000-emis_Scat.cam.h0.2015-10.nc
---remap all variables---
k03-E3SM_coupled_20TR_hybrid_yy2000-emis_Scat.cam.h0.2015-11.nc
/raid00/xianwen/E3SM_output/E3SM_coupled_restart_20TR_Yr2000-emis_Scat.Year2000_2014/remap_180x360/k03-E3SM_coupled_20TR_hybrid_yy2000-emis_Scat.cam.h0.2015-11.nc
---remap all variables---
